2022-08-26 20:47:20,147 ERROR [org.springframework.kafka.KafkaListenerEndpointContainer#0-0-C-1] o.a.k.c.c.i.ConsumerCoordinator [ConsumerCoordinator.java:867] [Consumer clientId=consumer-1, groupId=CommunityOnlineForum-consumer-group] Offset commit failed on partition like-0 at offset 20: The coordinator is not aware of this member.
2022-08-26 20:47:20,148 ERROR [kafka-coordinator-heartbeat-thread | CommunityOnlineForum-consumer-group] o.a.k.c.c.i.ConsumerCoordinator [ConsumerCoordinator.java:867] [Consumer clientId=consumer-2, groupId=CommunityOnlineForum-consumer-group] Offset commit failed on partition publish-0 at offset 1: The coordinator is not aware of this member.
2022-08-26 21:19:12,523 ERROR [http-nio-8082-exec-7] c.h.c.C.A.ExceptionAdvice [ExceptionAdvice.java:24] 服务器发生异常: Missing cookie 'kaptchaOwner' for method parameter of type String
2022-08-26 21:19:12,525 ERROR [http-nio-8082-exec-7] c.h.c.C.A.ExceptionAdvice [ExceptionAdvice.java:26] org.springframework.web.method.annotation.AbstractCookieValueMethodArgumentResolver.handleMissingValue(AbstractCookieValueMethodArgumentResolver.java:70)
2022-08-26 21:19:12,525 ERROR [http-nio-8082-exec-7] c.h.c.C.A.ExceptionAdvice [ExceptionAdvice.java:26] org.springframework.web.method.annotation.AbstractNamedValueMethodArgumentResolver.handleMissingValue(AbstractNamedValueMethodArgumentResolver.java:222)
2022-08-26 21:19:12,526 ERROR [http-nio-8082-exec-7] c.h.c.C.A.ExceptionAdvice [ExceptionAdvice.java:26] org.springframework.web.method.annotation.AbstractNamedValueMethodArgumentResolver.resolveArgument(AbstractNamedValueMethodArgumentResolver.java:114)
2022-08-26 21:19:12,526 ERROR [http-nio-8082-exec-7] c.h.c.C.A.ExceptionAdvice [ExceptionAdvice.java:26] org.springframework.web.method.support.HandlerMethodArgumentResolverComposite.resolveArgument(HandlerMethodArgumentResolverComposite.java:121)
2022-08-26 21:19:12,526 ERROR [http-nio-8082-exec-7] c.h.c.C.A.ExceptionAdvice [ExceptionAdvice.java:26] org.springframework.web.method.support.InvocableHandlerMethod.getMethodArgumentValues(InvocableHandlerMethod.java:167)
2022-08-26 21:19:12,527 ERROR [http-nio-8082-exec-7] c.h.c.C.A.ExceptionAdvice [ExceptionAdvice.java:26] org.springframework.web.method.support.InvocableHandlerMethod.invokeForRequest(InvocableHandlerMethod.java:134)
2022-08-26 21:19:12,527 ERROR [http-nio-8082-exec-7] c.h.c.C.A.ExceptionAdvice [ExceptionAdvice.java:26] org.springframework.web.servlet.mvc.method.annotation.ServletInvocableHandlerMethod.invokeAndHandle(ServletInvocableHandlerMethod.java:106)
2022-08-26 21:19:12,527 ERROR [http-nio-8082-exec-7] c.h.c.C.A.ExceptionAdvice [ExceptionAdvice.java:26] org.springframework.web.servlet.mvc.method.annotation.RequestMappingHandlerAdapter.invokeHandlerMethod(RequestMappingHandlerAdapter.java:888)
2022-08-26 21:19:12,528 ERROR [http-nio-8082-exec-7] c.h.c.C.A.ExceptionAdvice [ExceptionAdvice.java:26] org.springframework.web.servlet.mvc.method.annotation.RequestMappingHandlerAdapter.handleInternal(RequestMappingHandlerAdapter.java:793)
2022-08-26 21:19:12,528 ERROR [http-nio-8082-exec-7] c.h.c.C.A.ExceptionAdvice [ExceptionAdvice.java:26] org.springframework.web.servlet.mvc.method.AbstractHandlerMethodAdapter.handle(AbstractHandlerMethodAdapter.java:87)
2022-08-26 21:19:12,528 ERROR [http-nio-8082-exec-7] c.h.c.C.A.ExceptionAdvice [ExceptionAdvice.java:26] org.springframework.web.servlet.DispatcherServlet.doDispatch(DispatcherServlet.java:1040)
2022-08-26 21:19:12,528 ERROR [http-nio-8082-exec-7] c.h.c.C.A.ExceptionAdvice [ExceptionAdvice.java:26] org.springframework.web.servlet.DispatcherServlet.doService(DispatcherServlet.java:943)
2022-08-26 21:19:12,529 ERROR [http-nio-8082-exec-7] c.h.c.C.A.ExceptionAdvice [ExceptionAdvice.java:26] org.springframework.web.servlet.FrameworkServlet.processRequest(FrameworkServlet.java:1006)
2022-08-26 21:19:12,535 ERROR [http-nio-8082-exec-7] c.h.c.C.A.ExceptionAdvice [ExceptionAdvice.java:26] org.springframework.web.servlet.FrameworkServlet.doPost(FrameworkServlet.java:909)
2022-08-26 21:19:12,536 ERROR [http-nio-8082-exec-7] c.h.c.C.A.ExceptionAdvice [ExceptionAdvice.java:26] javax.servlet.http.HttpServlet.service(HttpServlet.java:660)
2022-08-26 21:19:12,536 ERROR [http-nio-8082-exec-7] c.h.c.C.A.ExceptionAdvice [ExceptionAdvice.java:26] org.springframework.web.servlet.FrameworkServlet.service(FrameworkServlet.java:883)
2022-08-26 21:19:12,537 ERROR [http-nio-8082-exec-7] c.h.c.C.A.ExceptionAdvice [ExceptionAdvice.java:26] javax.servlet.http.HttpServlet.service(HttpServlet.java:741)
2022-08-26 21:19:12,538 ERROR [http-nio-8082-exec-7] c.h.c.C.A.ExceptionAdvice [ExceptionAdvice.java:26] org.apache.catalina.core.ApplicationFilterChain.internalDoFilter(ApplicationFilterChain.java:231)
2022-08-26 21:19:12,538 ERROR [http-nio-8082-exec-7] c.h.c.C.A.ExceptionAdvice [ExceptionAdvice.java:26] org.apache.catalina.core.ApplicationFilterChain.doFilter(ApplicationFilterChain.java:166)
2022-08-26 21:19:12,538 ERROR [http-nio-8082-exec-7] c.h.c.C.A.ExceptionAdvice [ExceptionAdvice.java:26] org.apache.tomcat.websocket.server.WsFilter.doFilter(WsFilter.java:53)
2022-08-26 21:19:12,539 ERROR [http-nio-8082-exec-7] c.h.c.C.A.ExceptionAdvice [ExceptionAdvice.java:26] org.apache.catalina.core.ApplicationFilterChain.internalDoFilter(ApplicationFilterChain.java:193)
2022-08-26 21:19:12,539 ERROR [http-nio-8082-exec-7] c.h.c.C.A.ExceptionAdvice [ExceptionAdvice.java:26] org.apache.catalina.core.ApplicationFilterChain.doFilter(ApplicationFilterChain.java:166)
2022-08-26 21:19:12,539 ERROR [http-nio-8082-exec-7] c.h.c.C.A.ExceptionAdvice [ExceptionAdvice.java:26] org.springframework.security.web.FilterChainProxy$VirtualFilterChain.doFilter(FilterChainProxy.java:320)
2022-08-26 21:19:12,540 ERROR [http-nio-8082-exec-7] c.h.c.C.A.ExceptionAdvice [ExceptionAdvice.java:26] org.springframework.security.web.access.intercept.FilterSecurityInterceptor.invoke(FilterSecurityInterceptor.java:126)
2022-08-26 21:19:12,540 ERROR [http-nio-8082-exec-7] c.h.c.C.A.ExceptionAdvice [ExceptionAdvice.java:26] org.springframework.security.web.access.intercept.FilterSecurityInterceptor.doFilter(FilterSecurityInterceptor.java:90)
2022-08-26 21:19:12,540 ERROR [http-nio-8082-exec-7] c.h.c.C.A.ExceptionAdvice [ExceptionAdvice.java:26] org.springframework.security.web.FilterChainProxy$VirtualFilterChain.doFilter(FilterChainProxy.java:334)
2022-08-26 21:19:12,540 ERROR [http-nio-8082-exec-7] c.h.c.C.A.ExceptionAdvice [ExceptionAdvice.java:26] org.springframework.security.web.access.ExceptionTranslationFilter.doFilter(ExceptionTranslationFilter.java:118)
2022-08-26 21:19:12,541 ERROR [http-nio-8082-exec-7] c.h.c.C.A.ExceptionAdvice [ExceptionAdvice.java:26] org.springframework.security.web.FilterChainProxy$VirtualFilterChain.doFilter(FilterChainProxy.java:334)
2022-08-26 21:19:12,541 ERROR [http-nio-8082-exec-7] c.h.c.C.A.ExceptionAdvice [ExceptionAdvice.java:26] org.springframework.security.web.session.SessionManagementFilter.doFilter(SessionManagementFilter.java:137)
2022-08-26 21:19:12,541 ERROR [http-nio-8082-exec-7] c.h.c.C.A.ExceptionAdvice [ExceptionAdvice.java:26] org.springframework.security.web.FilterChainProxy$VirtualFilterChain.doFilter(FilterChainProxy.java:334)
2022-08-26 21:19:12,542 ERROR [http-nio-8082-exec-7] c.h.c.C.A.ExceptionAdvice [ExceptionAdvice.java:26] org.springframework.security.web.authentication.AnonymousAuthenticationFilter.doFilter(AnonymousAuthenticationFilter.java:111)
2022-08-26 21:19:12,542 ERROR [http-nio-8082-exec-7] c.h.c.C.A.ExceptionAdvice [ExceptionAdvice.java:26] org.springframework.security.web.FilterChainProxy$VirtualFilterChain.doFilter(FilterChainProxy.java:334)
2022-08-26 21:19:12,542 ERROR [http-nio-8082-exec-7] c.h.c.C.A.ExceptionAdvice [ExceptionAdvice.java:26] org.springframework.security.web.servletapi.SecurityContextHolderAwareRequestFilter.doFilter(SecurityContextHolderAwareRequestFilter.java:158)
2022-08-26 21:19:12,542 ERROR [http-nio-8082-exec-7] c.h.c.C.A.ExceptionAdvice [ExceptionAdvice.java:26] org.springframework.security.web.FilterChainProxy$VirtualFilterChain.doFilter(FilterChainProxy.java:334)
2022-08-26 21:19:12,543 ERROR [http-nio-8082-exec-7] c.h.c.C.A.ExceptionAdvice [ExceptionAdvice.java:26] org.springframework.security.web.savedrequest.RequestCacheAwareFilter.doFilter(RequestCacheAwareFilter.java:63)
2022-08-26 21:19:12,543 ERROR [http-nio-8082-exec-7] c.h.c.C.A.ExceptionAdvice [ExceptionAdvice.java:26] org.springframework.security.web.FilterChainProxy$VirtualFilterChain.doFilter(FilterChainProxy.java:334)
2022-08-26 21:19:12,543 ERROR [http-nio-8082-exec-7] c.h.c.C.A.ExceptionAdvice [ExceptionAdvice.java:26] org.springframework.security.web.authentication.logout.LogoutFilter.doFilter(LogoutFilter.java:116)
2022-08-26 21:19:12,544 ERROR [http-nio-8082-exec-7] c.h.c.C.A.ExceptionAdvice [ExceptionAdvice.java:26] org.springframework.security.web.FilterChainProxy$VirtualFilterChain.doFilter(FilterChainProxy.java:334)
2022-08-26 21:19:12,544 ERROR [http-nio-8082-exec-7] c.h.c.C.A.ExceptionAdvice [ExceptionAdvice.java:26] org.springframework.security.web.header.HeaderWriterFilter.doHeadersAfter(HeaderWriterFilter.java:92)
2022-08-26 21:19:12,544 ERROR [http-nio-8082-exec-7] c.h.c.C.A.ExceptionAdvice [ExceptionAdvice.java:26] org.springframework.security.web.header.HeaderWriterFilter.doFilterInternal(HeaderWriterFilter.java:77)
2022-08-26 21:19:12,544 ERROR [http-nio-8082-exec-7] c.h.c.C.A.ExceptionAdvice [ExceptionAdvice.java:26] org.springframework.web.filter.OncePerRequestFilter.doFilter(OncePerRequestFilter.java:119)
2022-08-26 21:19:12,545 ERROR [http-nio-8082-exec-7] c.h.c.C.A.ExceptionAdvice [ExceptionAdvice.java:26] org.springframework.security.web.FilterChainProxy$VirtualFilterChain.doFilter(FilterChainProxy.java:334)
2022-08-26 21:19:12,545 ERROR [http-nio-8082-exec-7] c.h.c.C.A.ExceptionAdvice [ExceptionAdvice.java:26] org.springframework.security.web.context.SecurityContextPersistenceFilter.doFilter(SecurityContextPersistenceFilter.java:105)
2022-08-26 21:19:12,546 ERROR [http-nio-8082-exec-7] c.h.c.C.A.ExceptionAdvice [ExceptionAdvice.java:26] org.springframework.security.web.FilterChainProxy$VirtualFilterChain.doFilter(FilterChainProxy.java:334)
2022-08-26 21:19:12,551 ERROR [http-nio-8082-exec-7] c.h.c.C.A.ExceptionAdvice [ExceptionAdvice.java:26] org.springframework.security.web.context.request.async.WebAsyncManagerIntegrationFilter.doFilterInternal(WebAsyncManagerIntegrationFilter.java:56)
2022-08-26 21:19:12,552 ERROR [http-nio-8082-exec-7] c.h.c.C.A.ExceptionAdvice [ExceptionAdvice.java:26] org.springframework.web.filter.OncePerRequestFilter.doFilter(OncePerRequestFilter.java:119)
2022-08-26 21:19:12,552 ERROR [http-nio-8082-exec-7] c.h.c.C.A.ExceptionAdvice [ExceptionAdvice.java:26] org.springframework.security.web.FilterChainProxy$VirtualFilterChain.doFilter(FilterChainProxy.java:334)
2022-08-26 21:19:12,553 ERROR [http-nio-8082-exec-7] c.h.c.C.A.ExceptionAdvice [ExceptionAdvice.java:26] org.springframework.security.web.FilterChainProxy.doFilterInternal(FilterChainProxy.java:215)
2022-08-26 21:19:12,553 ERROR [http-nio-8082-exec-7] c.h.c.C.A.ExceptionAdvice [ExceptionAdvice.java:26] org.springframework.security.web.FilterChainProxy.doFilter(FilterChainProxy.java:178)
2022-08-26 21:19:12,553 ERROR [http-nio-8082-exec-7] c.h.c.C.A.ExceptionAdvice [ExceptionAdvice.java:26] org.springframework.web.filter.DelegatingFilterProxy.invokeDelegate(DelegatingFilterProxy.java:358)
2022-08-26 21:19:12,554 ERROR [http-nio-8082-exec-7] c.h.c.C.A.ExceptionAdvice [ExceptionAdvice.java:26] org.springframework.web.filter.DelegatingFilterProxy.doFilter(DelegatingFilterProxy.java:271)
2022-08-26 21:19:12,554 ERROR [http-nio-8082-exec-7] c.h.c.C.A.ExceptionAdvice [ExceptionAdvice.java:26] org.apache.catalina.core.ApplicationFilterChain.internalDoFilter(ApplicationFilterChain.java:193)
2022-08-26 21:19:12,554 ERROR [http-nio-8082-exec-7] c.h.c.C.A.ExceptionAdvice [ExceptionAdvice.java:26] org.apache.catalina.core.ApplicationFilterChain.doFilter(ApplicationFilterChain.java:166)
2022-08-26 21:19:12,555 ERROR [http-nio-8082-exec-7] c.h.c.C.A.ExceptionAdvice [ExceptionAdvice.java:26] org.springframework.web.filter.RequestContextFilter.doFilterInternal(RequestContextFilter.java:100)
2022-08-26 21:19:12,555 ERROR [http-nio-8082-exec-7] c.h.c.C.A.ExceptionAdvice [ExceptionAdvice.java:26] org.springframework.web.filter.OncePerRequestFilter.doFilter(OncePerRequestFilter.java:119)
2022-08-26 21:19:12,555 ERROR [http-nio-8082-exec-7] c.h.c.C.A.ExceptionAdvice [ExceptionAdvice.java:26] org.apache.catalina.core.ApplicationFilterChain.internalDoFilter(ApplicationFilterChain.java:193)
2022-08-26 21:19:12,555 ERROR [http-nio-8082-exec-7] c.h.c.C.A.ExceptionAdvice [ExceptionAdvice.java:26] org.apache.catalina.core.ApplicationFilterChain.doFilter(ApplicationFilterChain.java:166)
2022-08-26 21:19:12,556 ERROR [http-nio-8082-exec-7] c.h.c.C.A.ExceptionAdvice [ExceptionAdvice.java:26] org.springframework.web.filter.FormContentFilter.doFilterInternal(FormContentFilter.java:93)
2022-08-26 21:19:12,556 ERROR [http-nio-8082-exec-7] c.h.c.C.A.ExceptionAdvice [ExceptionAdvice.java:26] org.springframework.web.filter.OncePerRequestFilter.doFilter(OncePerRequestFilter.java:119)
2022-08-26 21:19:12,556 ERROR [http-nio-8082-exec-7] c.h.c.C.A.ExceptionAdvice [ExceptionAdvice.java:26] org.apache.catalina.core.ApplicationFilterChain.internalDoFilter(ApplicationFilterChain.java:193)
2022-08-26 21:19:12,556 ERROR [http-nio-8082-exec-7] c.h.c.C.A.ExceptionAdvice [ExceptionAdvice.java:26] org.apache.catalina.core.ApplicationFilterChain.doFilter(ApplicationFilterChain.java:166)
2022-08-26 21:19:12,557 ERROR [http-nio-8082-exec-7] c.h.c.C.A.ExceptionAdvice [ExceptionAdvice.java:26] org.springframework.boot.actuate.metrics.web.servlet.WebMvcMetricsFilter.doFilterInternal(WebMvcMetricsFilter.java:108)
2022-08-26 21:19:12,557 ERROR [http-nio-8082-exec-7] c.h.c.C.A.ExceptionAdvice [ExceptionAdvice.java:26] org.springframework.web.filter.OncePerRequestFilter.doFilter(OncePerRequestFilter.java:119)
2022-08-26 21:19:12,557 ERROR [http-nio-8082-exec-7] c.h.c.C.A.ExceptionAdvice [ExceptionAdvice.java:26] org.apache.catalina.core.ApplicationFilterChain.internalDoFilter(ApplicationFilterChain.java:193)
2022-08-26 21:19:12,558 ERROR [http-nio-8082-exec-7] c.h.c.C.A.ExceptionAdvice [ExceptionAdvice.java:26] org.apache.catalina.core.ApplicationFilterChain.doFilter(ApplicationFilterChain.java:166)
2022-08-26 21:19:12,558 ERROR [http-nio-8082-exec-7] c.h.c.C.A.ExceptionAdvice [ExceptionAdvice.java:26] org.springframework.web.filter.CharacterEncodingFilter.doFilterInternal(CharacterEncodingFilter.java:201)
2022-08-26 21:19:12,558 ERROR [http-nio-8082-exec-7] c.h.c.C.A.ExceptionAdvice [ExceptionAdvice.java:26] org.springframework.web.filter.OncePerRequestFilter.doFilter(OncePerRequestFilter.java:119)
2022-08-26 21:19:12,559 ERROR [http-nio-8082-exec-7] c.h.c.C.A.ExceptionAdvice [ExceptionAdvice.java:26] org.apache.catalina.core.ApplicationFilterChain.internalDoFilter(ApplicationFilterChain.java:193)
2022-08-26 21:19:12,559 ERROR [http-nio-8082-exec-7] c.h.c.C.A.ExceptionAdvice [ExceptionAdvice.java:26] org.apache.catalina.core.ApplicationFilterChain.doFilter(ApplicationFilterChain.java:166)
2022-08-26 21:19:12,559 ERROR [http-nio-8082-exec-7] c.h.c.C.A.ExceptionAdvice [ExceptionAdvice.java:26] org.apache.catalina.core.StandardWrapperValve.invoke(StandardWrapperValve.java:202)
2022-08-26 21:19:12,559 ERROR [http-nio-8082-exec-7] c.h.c.C.A.ExceptionAdvice [ExceptionAdvice.java:26] org.apache.catalina.core.StandardContextValve.invoke(StandardContextValve.java:96)
2022-08-26 21:19:12,560 ERROR [http-nio-8082-exec-7] c.h.c.C.A.ExceptionAdvice [ExceptionAdvice.java:26] org.apache.catalina.authenticator.AuthenticatorBase.invoke(AuthenticatorBase.java:526)
2022-08-26 21:19:12,560 ERROR [http-nio-8082-exec-7] c.h.c.C.A.ExceptionAdvice [ExceptionAdvice.java:26] org.apache.catalina.core.StandardHostValve.invoke(StandardHostValve.java:139)
2022-08-26 21:19:12,560 ERROR [http-nio-8082-exec-7] c.h.c.C.A.ExceptionAdvice [ExceptionAdvice.java:26] org.apache.catalina.valves.ErrorReportValve.invoke(ErrorReportValve.java:92)
2022-08-26 21:19:12,561 ERROR [http-nio-8082-exec-7] c.h.c.C.A.ExceptionAdvice [ExceptionAdvice.java:26] org.apache.catalina.core.StandardEngineValve.invoke(StandardEngineValve.java:74)
2022-08-26 21:19:12,565 ERROR [http-nio-8082-exec-7] c.h.c.C.A.ExceptionAdvice [ExceptionAdvice.java:26] org.apache.catalina.connector.CoyoteAdapter.service(CoyoteAdapter.java:343)
2022-08-26 21:19:12,567 ERROR [http-nio-8082-exec-7] c.h.c.C.A.ExceptionAdvice [ExceptionAdvice.java:26] org.apache.coyote.http11.Http11Processor.service(Http11Processor.java:408)
2022-08-26 21:19:12,568 ERROR [http-nio-8082-exec-7] c.h.c.C.A.ExceptionAdvice [ExceptionAdvice.java:26] org.apache.coyote.AbstractProcessorLight.process(AbstractProcessorLight.java:66)
2022-08-26 21:19:12,569 ERROR [http-nio-8082-exec-7] c.h.c.C.A.ExceptionAdvice [ExceptionAdvice.java:26] org.apache.coyote.AbstractProtocol$ConnectionHandler.process(AbstractProtocol.java:861)
2022-08-26 21:19:12,569 ERROR [http-nio-8082-exec-7] c.h.c.C.A.ExceptionAdvice [ExceptionAdvice.java:26] org.apache.tomcat.util.net.NioEndpoint$SocketProcessor.doRun(NioEndpoint.java:1579)
2022-08-26 21:19:12,570 ERROR [http-nio-8082-exec-7] c.h.c.C.A.ExceptionAdvice [ExceptionAdvice.java:26] org.apache.tomcat.util.net.SocketProcessorBase.run(SocketProcessorBase.java:49)
2022-08-26 21:19:12,571 ERROR [http-nio-8082-exec-7] c.h.c.C.A.ExceptionAdvice [ExceptionAdvice.java:26] java.util.concurrent.ThreadPoolExecutor.runWorker(ThreadPoolExecutor.java:1149)
2022-08-26 21:19:12,572 ERROR [http-nio-8082-exec-7] c.h.c.C.A.ExceptionAdvice [ExceptionAdvice.java:26] java.util.concurrent.ThreadPoolExecutor$Worker.run(ThreadPoolExecutor.java:624)
2022-08-26 21:19:12,572 ERROR [http-nio-8082-exec-7] c.h.c.C.A.ExceptionAdvice [ExceptionAdvice.java:26] org.apache.tomcat.util.threads.TaskThread$WrappingRunnable.run(TaskThread.java:61)
2022-08-26 21:19:12,572 ERROR [http-nio-8082-exec-7] c.h.c.C.A.ExceptionAdvice [ExceptionAdvice.java:26] java.lang.Thread.run(Thread.java:748)
2022-08-26 21:20:55,912 ERROR [restartedMain] o.a.c.s.StandardManager [DirectJDKLog.java:175] Exception loading sessions from persistent storage
java.io.StreamCorruptedException: invalid type code: 00
	at java.io.ObjectInputStream.readObject0(ObjectInputStream.java:1601)
	at java.io.ObjectInputStream.defaultReadFields(ObjectInputStream.java:2287)
	at java.io.ObjectInputStream.defaultReadObject(ObjectInputStream.java:561)
	at java.lang.Throwable.readObject(Throwable.java:914)
	at sun.reflect.NativeMethodAccessorImpl.invoke0(Native Method)
	at sun.reflect.NativeMethodAccessorImpl.invoke(NativeMethodAccessorImpl.java:62)
	at sun.reflect.DelegatingMethodAccessorImpl.invoke(DelegatingMethodAccessorImpl.java:43)
	at java.lang.reflect.Method.invoke(Method.java:498)
	at java.io.ObjectStreamClass.invokeReadObject(ObjectStreamClass.java:1170)
	at java.io.ObjectInputStream.readSerialData(ObjectInputStream.java:2178)
	at java.io.ObjectInputStream.readOrdinaryObject(ObjectInputStream.java:2069)
	at java.io.ObjectInputStream.readObject0(ObjectInputStream.java:1573)
	at java.io.ObjectInputStream.readObject(ObjectInputStream.java:431)
	at org.apache.catalina.session.StandardSession.doReadObject(StandardSession.java:1554)
	at org.apache.catalina.session.StandardSession.readObjectData(StandardSession.java:1048)
	at org.apache.catalina.session.StandardManager.doLoad(StandardManager.java:218)
	at org.apache.catalina.session.StandardManager.load(StandardManager.java:162)
	at org.apache.catalina.session.StandardManager.startInternal(StandardManager.java:354)
	at org.apache.catalina.util.LifecycleBase.start(LifecycleBase.java:183)
	at org.apache.catalina.core.StandardContext.startInternal(StandardContext.java:5163)
	at org.apache.catalina.util.LifecycleBase.start(LifecycleBase.java:183)
	at org.apache.catalina.core.ContainerBase$StartChild.call(ContainerBase.java:1384)
	at org.apache.catalina.core.ContainerBase$StartChild.call(ContainerBase.java:1374)
	at java.util.concurrent.FutureTask.run$$$capture(FutureTask.java:266)
	at java.util.concurrent.FutureTask.run(FutureTask.java)
	at org.apache.tomcat.util.threads.InlineExecutorService.execute(InlineExecutorService.java:75)
	at java.util.concurrent.AbstractExecutorService.submit(AbstractExecutorService.java:134)
	at org.apache.catalina.core.ContainerBase.startInternal(ContainerBase.java:909)
	at org.apache.catalina.core.StandardHost.startInternal(StandardHost.java:841)
	at org.apache.catalina.util.LifecycleBase.start(LifecycleBase.java:183)
	at org.apache.catalina.core.ContainerBase$StartChild.call(ContainerBase.java:1384)
	at org.apache.catalina.core.ContainerBase$StartChild.call(ContainerBase.java:1374)
	at java.util.concurrent.FutureTask.run$$$capture(FutureTask.java:266)
	at java.util.concurrent.FutureTask.run(FutureTask.java)
	at org.apache.tomcat.util.threads.InlineExecutorService.execute(InlineExecutorService.java:75)
	at java.util.concurrent.AbstractExecutorService.submit(AbstractExecutorService.java:134)
	at org.apache.catalina.core.ContainerBase.startInternal(ContainerBase.java:909)
	at org.apache.catalina.core.StandardEngine.startInternal(StandardEngine.java:262)
	at org.apache.catalina.util.LifecycleBase.start(LifecycleBase.java:183)
	at org.apache.catalina.core.StandardService.startInternal(StandardService.java:421)
	at org.apache.catalina.util.LifecycleBase.start(LifecycleBase.java:183)
	at org.apache.catalina.core.StandardServer.startInternal(StandardServer.java:930)
	at org.apache.catalina.util.LifecycleBase.start(LifecycleBase.java:183)
	at org.apache.catalina.startup.Tomcat.start(Tomcat.java:459)
	at org.springframework.boot.web.embedded.tomcat.TomcatWebServer.initialize(TomcatWebServer.java:107)
	at org.springframework.boot.web.embedded.tomcat.TomcatWebServer.<init>(TomcatWebServer.java:88)
	at org.springframework.boot.web.embedded.tomcat.TomcatServletWebServerFactory.getTomcatWebServer(TomcatServletWebServerFactory.java:438)
	at org.springframework.boot.web.embedded.tomcat.TomcatServletWebServerFactory.getWebServer(TomcatServletWebServerFactory.java:191)
	at org.springframework.boot.web.servlet.context.ServletWebServerApplicationContext.createWebServer(ServletWebServerApplicationContext.java:180)
	at org.springframework.boot.web.servlet.context.ServletWebServerApplicationContext.onRefresh(ServletWebServerApplicationContext.java:153)
	at org.springframework.context.support.AbstractApplicationContext.refresh(AbstractApplicationContext.java:544)
	at org.springframework.boot.web.servlet.context.ServletWebServerApplicationContext.refresh(ServletWebServerApplicationContext.java:141)
	at org.springframework.boot.SpringApplication.refresh(SpringApplication.java:747)
	at org.springframework.boot.SpringApplication.refreshContext(SpringApplication.java:397)
	at org.springframework.boot.SpringApplication.run(SpringApplication.java:315)
	at org.springframework.boot.SpringApplication.run(SpringApplication.java:1226)
	at org.springframework.boot.SpringApplication.run(SpringApplication.java:1215)
	at com.hlx.communityonlineforum.CommunityOnlineForumApplication.main(CommunityOnlineForumApplication.java:19)
	at sun.reflect.NativeMethodAccessorImpl.invoke0(Native Method)
	at sun.reflect.NativeMethodAccessorImpl.invoke(NativeMethodAccessorImpl.java:62)
	at sun.reflect.DelegatingMethodAccessorImpl.invoke(DelegatingMethodAccessorImpl.java:43)
	at java.lang.reflect.Method.invoke(Method.java:498)
	at org.springframework.boot.devtools.restart.RestartLauncher.run(RestartLauncher.java:49)
