2022-08-01 11:08:52,156 INFO [main] c.h.c.SensitiveTests [StartupInfoLogger.java:55] Starting SensitiveTests on DESKTOP-9VDD8UD with PID 15180 (started by hp in D:\CommunityOnlineForum)
2022-08-01 11:08:52,164 INFO [main] c.h.c.SensitiveTests [SpringApplication.java:651] No active profile set, falling back to default profiles: default
2022-08-01 11:08:54,549 INFO [main] o.s.d.r.c.RepositoryConfigurationDelegate [RepositoryConfigurationDelegate.java:244] Multiple Spring Data modules found, entering strict repository configuration mode!
2022-08-01 11:08:54,553 INFO [main] o.s.d.r.c.RepositoryConfigurationDelegate [RepositoryConfigurationDelegate.java:126] Bootstrapping Spring Data repositories in DEFAULT mode.
2022-08-01 11:08:54,576 INFO [main] o.s.d.r.c.RepositoryConfigurationDelegate [RepositoryConfigurationDelegate.java:182] Finished Spring Data repository scanning in 12ms. Found 0 repository interfaces.
2022-08-01 11:08:54,580 INFO [main] o.s.d.r.c.RepositoryConfigurationDelegate [RepositoryConfigurationDelegate.java:244] Multiple Spring Data modules found, entering strict repository configuration mode!
2022-08-01 11:08:54,581 INFO [main] o.s.d.r.c.RepositoryConfigurationDelegate [RepositoryConfigurationDelegate.java:126] Bootstrapping Spring Data repositories in DEFAULT mode.
2022-08-01 11:08:54,588 INFO [main] o.s.d.r.c.RepositoryConfigurationDelegate [RepositoryConfigurationDelegate.java:182] Finished Spring Data repository scanning in 6ms. Found 0 repository interfaces.
2022-08-01 11:08:54,605 INFO [main] o.s.d.r.c.RepositoryConfigurationDelegate [RepositoryConfigurationDelegate.java:244] Multiple Spring Data modules found, entering strict repository configuration mode!
2022-08-01 11:08:54,607 INFO [main] o.s.d.r.c.RepositoryConfigurationDelegate [RepositoryConfigurationDelegate.java:126] Bootstrapping Spring Data repositories in DEFAULT mode.
2022-08-01 11:08:54,630 INFO [main] o.s.d.r.c.RepositoryConfigurationDelegate [RepositoryConfigurationDelegate.java:182] Finished Spring Data repository scanning in 3ms. Found 0 repository interfaces.
2022-08-01 11:08:55,552 INFO [main] o.s.c.s.PostProcessorRegistrationDelegate$BeanPostProcessorChecker [PostProcessorRegistrationDelegate.java:330] Bean 'org.springframework.transaction.annotation.ProxyTransactionManagementConfiguration' of type [org.springframework.transaction.annotation.ProxyTransactionManagementConfiguration] is not eligible for getting processed by all BeanPostProcessors (for example: not eligible for auto-proxying)
2022-08-01 11:08:57,818 INFO [main] o.s.s.c.ThreadPoolTaskExecutor [ExecutorConfigurationSupport.java:171] Initializing ExecutorService 'applicationTaskExecutor'
2022-08-01 11:08:57,955 INFO [main] o.s.b.a.w.s.WelcomePageHandlerMapping [WelcomePageHandlerMapping.java:58] Adding welcome page template: index
2022-08-01 11:09:01,232 INFO [main] o.q.i.StdSchedulerFactory [StdSchedulerFactory.java:1208] Using default implementation for ThreadExecutor
2022-08-01 11:09:01,254 INFO [main] o.q.c.SchedulerSignalerImpl [SchedulerSignalerImpl.java:61] Initialized Scheduler Signaller of type: class org.quartz.core.SchedulerSignalerImpl
2022-08-01 11:09:01,254 INFO [main] o.q.c.QuartzScheduler [QuartzScheduler.java:229] Quartz Scheduler v.2.3.1 created.
2022-08-01 11:09:01,255 INFO [main] o.q.s.RAMJobStore [RAMJobStore.java:155] RAMJobStore initialized.
2022-08-01 11:09:01,256 INFO [main] o.q.c.QuartzScheduler [QuartzScheduler.java:294] Scheduler meta-data: Quartz Scheduler (v2.3.1) 'quartzScheduler' with instanceId 'NON_CLUSTERED'
  Scheduler class: 'org.quartz.core.QuartzScheduler' - running locally.
  NOT STARTED.
  Currently in standby mode.
  Number of jobs executed: 0
  Using thread pool 'org.quartz.simpl.SimpleThreadPool' - with 10 threads.
  Using job-store 'org.quartz.simpl.RAMJobStore' - which does not support persistence. and is not clustered.

2022-08-01 11:09:01,257 INFO [main] o.q.i.StdSchedulerFactory [StdSchedulerFactory.java:1362] Quartz scheduler 'quartzScheduler' initialized from an externally provided properties instance.
2022-08-01 11:09:01,258 INFO [main] o.q.i.StdSchedulerFactory [StdSchedulerFactory.java:1366] Quartz scheduler version: 2.3.1
2022-08-01 11:09:01,259 INFO [main] o.q.c.QuartzScheduler [QuartzScheduler.java:2293] JobFactory set to: org.springframework.scheduling.quartz.SpringBeanJobFactory@22ecda
2022-08-01 11:09:01,350 INFO [main] o.s.b.a.e.w.EndpointLinksResolver [EndpointLinksResolver.java:58] Exposing 2 endpoint(s) beneath base path '/actuator'
2022-08-01 11:09:01,419 INFO [main] o.s.s.q.SchedulerFactoryBean [SchedulerFactoryBean.java:727] Starting Quartz Scheduler now
2022-08-01 11:09:01,419 INFO [main] o.q.c.QuartzScheduler [QuartzScheduler.java:547] Scheduler quartzScheduler_$_NON_CLUSTERED started.
2022-08-01 11:09:01,434 INFO [main] c.h.c.SensitiveTests [StartupInfoLogger.java:61] Started SensitiveTests in 9.915 seconds (JVM running for 11.607)
2022-08-01 11:09:01,817 INFO [SpringContextShutdownHook] o.q.c.QuartzScheduler [QuartzScheduler.java:585] Scheduler quartzScheduler_$_NON_CLUSTERED paused.
2022-08-01 11:09:01,818 INFO [SpringContextShutdownHook] o.s.s.q.SchedulerFactoryBean [SchedulerFactoryBean.java:845] Shutting down Quartz Scheduler
2022-08-01 11:09:01,818 INFO [SpringContextShutdownHook] o.q.c.QuartzScheduler [QuartzScheduler.java:666] Scheduler quartzScheduler_$_NON_CLUSTERED shutting down.
2022-08-01 11:09:01,818 INFO [SpringContextShutdownHook] o.q.c.QuartzScheduler [QuartzScheduler.java:585] Scheduler quartzScheduler_$_NON_CLUSTERED paused.
2022-08-01 11:09:01,819 INFO [SpringContextShutdownHook] o.q.c.QuartzScheduler [QuartzScheduler.java:740] Scheduler quartzScheduler_$_NON_CLUSTERED shutdown complete.
2022-08-01 11:09:01,844 INFO [SpringContextShutdownHook] o.s.s.c.ThreadPoolTaskExecutor [ExecutorConfigurationSupport.java:208] Shutting down ExecutorService 'applicationTaskExecutor'
2022-08-01 11:10:32,061 INFO [main] c.h.c.SensitiveTests [StartupInfoLogger.java:55] Starting SensitiveTests on DESKTOP-9VDD8UD with PID 14816 (started by hp in D:\CommunityOnlineForum)
2022-08-01 11:10:32,063 INFO [main] c.h.c.SensitiveTests [SpringApplication.java:651] No active profile set, falling back to default profiles: default
2022-08-01 11:10:33,387 INFO [main] o.s.d.r.c.RepositoryConfigurationDelegate [RepositoryConfigurationDelegate.java:244] Multiple Spring Data modules found, entering strict repository configuration mode!
2022-08-01 11:10:33,390 INFO [main] o.s.d.r.c.RepositoryConfigurationDelegate [RepositoryConfigurationDelegate.java:126] Bootstrapping Spring Data repositories in DEFAULT mode.
2022-08-01 11:10:33,408 INFO [main] o.s.d.r.c.RepositoryConfigurationDelegate [RepositoryConfigurationDelegate.java:182] Finished Spring Data repository scanning in 11ms. Found 0 repository interfaces.
2022-08-01 11:10:33,415 INFO [main] o.s.d.r.c.RepositoryConfigurationDelegate [RepositoryConfigurationDelegate.java:244] Multiple Spring Data modules found, entering strict repository configuration mode!
2022-08-01 11:10:33,416 INFO [main] o.s.d.r.c.RepositoryConfigurationDelegate [RepositoryConfigurationDelegate.java:126] Bootstrapping Spring Data repositories in DEFAULT mode.
2022-08-01 11:10:33,421 INFO [main] o.s.d.r.c.RepositoryConfigurationDelegate [RepositoryConfigurationDelegate.java:182] Finished Spring Data repository scanning in 4ms. Found 0 repository interfaces.
2022-08-01 11:10:33,433 INFO [main] o.s.d.r.c.RepositoryConfigurationDelegate [RepositoryConfigurationDelegate.java:244] Multiple Spring Data modules found, entering strict repository configuration mode!
2022-08-01 11:10:33,435 INFO [main] o.s.d.r.c.RepositoryConfigurationDelegate [RepositoryConfigurationDelegate.java:126] Bootstrapping Spring Data repositories in DEFAULT mode.
2022-08-01 11:10:33,453 INFO [main] o.s.d.r.c.RepositoryConfigurationDelegate [RepositoryConfigurationDelegate.java:182] Finished Spring Data repository scanning in 5ms. Found 0 repository interfaces.
2022-08-01 11:10:34,200 INFO [main] o.s.c.s.PostProcessorRegistrationDelegate$BeanPostProcessorChecker [PostProcessorRegistrationDelegate.java:330] Bean 'org.springframework.transaction.annotation.ProxyTransactionManagementConfiguration' of type [org.springframework.transaction.annotation.ProxyTransactionManagementConfiguration] is not eligible for getting processed by all BeanPostProcessors (for example: not eligible for auto-proxying)
2022-08-01 11:10:35,966 INFO [main] o.s.s.c.ThreadPoolTaskExecutor [ExecutorConfigurationSupport.java:171] Initializing ExecutorService 'applicationTaskExecutor'
2022-08-01 11:10:36,095 INFO [main] o.s.b.a.w.s.WelcomePageHandlerMapping [WelcomePageHandlerMapping.java:58] Adding welcome page template: index
2022-08-01 11:10:38,799 INFO [main] o.q.i.StdSchedulerFactory [StdSchedulerFactory.java:1208] Using default implementation for ThreadExecutor
2022-08-01 11:10:38,819 INFO [main] o.q.c.SchedulerSignalerImpl [SchedulerSignalerImpl.java:61] Initialized Scheduler Signaller of type: class org.quartz.core.SchedulerSignalerImpl
2022-08-01 11:10:38,819 INFO [main] o.q.c.QuartzScheduler [QuartzScheduler.java:229] Quartz Scheduler v.2.3.1 created.
2022-08-01 11:10:38,820 INFO [main] o.q.s.RAMJobStore [RAMJobStore.java:155] RAMJobStore initialized.
2022-08-01 11:10:38,821 INFO [main] o.q.c.QuartzScheduler [QuartzScheduler.java:294] Scheduler meta-data: Quartz Scheduler (v2.3.1) 'quartzScheduler' with instanceId 'NON_CLUSTERED'
  Scheduler class: 'org.quartz.core.QuartzScheduler' - running locally.
  NOT STARTED.
  Currently in standby mode.
  Number of jobs executed: 0
  Using thread pool 'org.quartz.simpl.SimpleThreadPool' - with 10 threads.
  Using job-store 'org.quartz.simpl.RAMJobStore' - which does not support persistence. and is not clustered.

2022-08-01 11:10:38,821 INFO [main] o.q.i.StdSchedulerFactory [StdSchedulerFactory.java:1362] Quartz scheduler 'quartzScheduler' initialized from an externally provided properties instance.
2022-08-01 11:10:38,821 INFO [main] o.q.i.StdSchedulerFactory [StdSchedulerFactory.java:1366] Quartz scheduler version: 2.3.1
2022-08-01 11:10:38,822 INFO [main] o.q.c.QuartzScheduler [QuartzScheduler.java:2293] JobFactory set to: org.springframework.scheduling.quartz.SpringBeanJobFactory@15312df
2022-08-01 11:10:38,907 INFO [main] o.s.b.a.e.w.EndpointLinksResolver [EndpointLinksResolver.java:58] Exposing 2 endpoint(s) beneath base path '/actuator'
2022-08-01 11:10:38,971 INFO [main] o.s.s.q.SchedulerFactoryBean [SchedulerFactoryBean.java:727] Starting Quartz Scheduler now
2022-08-01 11:10:38,972 INFO [main] o.q.c.QuartzScheduler [QuartzScheduler.java:547] Scheduler quartzScheduler_$_NON_CLUSTERED started.
2022-08-01 11:10:38,987 INFO [main] c.h.c.SensitiveTests [StartupInfoLogger.java:61] Started SensitiveTests in 7.415 seconds (JVM running for 8.548)
2022-08-01 11:10:39,289 INFO [SpringContextShutdownHook] o.q.c.QuartzScheduler [QuartzScheduler.java:585] Scheduler quartzScheduler_$_NON_CLUSTERED paused.
2022-08-01 11:10:39,290 INFO [SpringContextShutdownHook] o.s.s.q.SchedulerFactoryBean [SchedulerFactoryBean.java:845] Shutting down Quartz Scheduler
2022-08-01 11:10:39,291 INFO [SpringContextShutdownHook] o.q.c.QuartzScheduler [QuartzScheduler.java:666] Scheduler quartzScheduler_$_NON_CLUSTERED shutting down.
2022-08-01 11:10:39,291 INFO [SpringContextShutdownHook] o.q.c.QuartzScheduler [QuartzScheduler.java:585] Scheduler quartzScheduler_$_NON_CLUSTERED paused.
2022-08-01 11:10:39,292 INFO [SpringContextShutdownHook] o.q.c.QuartzScheduler [QuartzScheduler.java:740] Scheduler quartzScheduler_$_NON_CLUSTERED shutdown complete.
2022-08-01 11:10:39,327 INFO [SpringContextShutdownHook] o.s.s.c.ThreadPoolTaskExecutor [ExecutorConfigurationSupport.java:208] Shutting down ExecutorService 'applicationTaskExecutor'
2022-08-01 11:11:36,362 INFO [main] c.h.c.SensitiveTests [StartupInfoLogger.java:55] Starting SensitiveTests on DESKTOP-9VDD8UD with PID 3312 (started by hp in D:\CommunityOnlineForum)
2022-08-01 11:11:36,364 INFO [main] c.h.c.SensitiveTests [SpringApplication.java:651] No active profile set, falling back to default profiles: default
2022-08-01 11:11:38,125 INFO [main] o.s.d.r.c.RepositoryConfigurationDelegate [RepositoryConfigurationDelegate.java:244] Multiple Spring Data modules found, entering strict repository configuration mode!
2022-08-01 11:11:38,130 INFO [main] o.s.d.r.c.RepositoryConfigurationDelegate [RepositoryConfigurationDelegate.java:126] Bootstrapping Spring Data repositories in DEFAULT mode.
2022-08-01 11:11:38,156 INFO [main] o.s.d.r.c.RepositoryConfigurationDelegate [RepositoryConfigurationDelegate.java:182] Finished Spring Data repository scanning in 17ms. Found 0 repository interfaces.
2022-08-01 11:11:38,168 INFO [main] o.s.d.r.c.RepositoryConfigurationDelegate [RepositoryConfigurationDelegate.java:244] Multiple Spring Data modules found, entering strict repository configuration mode!
2022-08-01 11:11:38,170 INFO [main] o.s.d.r.c.RepositoryConfigurationDelegate [RepositoryConfigurationDelegate.java:126] Bootstrapping Spring Data repositories in DEFAULT mode.
2022-08-01 11:11:38,177 INFO [main] o.s.d.r.c.RepositoryConfigurationDelegate [RepositoryConfigurationDelegate.java:182] Finished Spring Data repository scanning in 7ms. Found 0 repository interfaces.
2022-08-01 11:11:38,195 INFO [main] o.s.d.r.c.RepositoryConfigurationDelegate [RepositoryConfigurationDelegate.java:244] Multiple Spring Data modules found, entering strict repository configuration mode!
2022-08-01 11:11:38,197 INFO [main] o.s.d.r.c.RepositoryConfigurationDelegate [RepositoryConfigurationDelegate.java:126] Bootstrapping Spring Data repositories in DEFAULT mode.
2022-08-01 11:11:38,215 INFO [main] o.s.d.r.c.RepositoryConfigurationDelegate [RepositoryConfigurationDelegate.java:182] Finished Spring Data repository scanning in 3ms. Found 0 repository interfaces.
2022-08-01 11:11:38,981 INFO [main] o.s.c.s.PostProcessorRegistrationDelegate$BeanPostProcessorChecker [PostProcessorRegistrationDelegate.java:330] Bean 'org.springframework.transaction.annotation.ProxyTransactionManagementConfiguration' of type [org.springframework.transaction.annotation.ProxyTransactionManagementConfiguration] is not eligible for getting processed by all BeanPostProcessors (for example: not eligible for auto-proxying)
2022-08-01 11:11:40,864 INFO [main] o.s.s.c.ThreadPoolTaskExecutor [ExecutorConfigurationSupport.java:171] Initializing ExecutorService 'applicationTaskExecutor'
2022-08-01 11:11:40,996 INFO [main] o.s.b.a.w.s.WelcomePageHandlerMapping [WelcomePageHandlerMapping.java:58] Adding welcome page template: index
2022-08-01 11:11:43,757 INFO [main] o.q.i.StdSchedulerFactory [StdSchedulerFactory.java:1208] Using default implementation for ThreadExecutor
2022-08-01 11:11:43,778 INFO [main] o.q.c.SchedulerSignalerImpl [SchedulerSignalerImpl.java:61] Initialized Scheduler Signaller of type: class org.quartz.core.SchedulerSignalerImpl
2022-08-01 11:11:43,779 INFO [main] o.q.c.QuartzScheduler [QuartzScheduler.java:229] Quartz Scheduler v.2.3.1 created.
2022-08-01 11:11:43,780 INFO [main] o.q.s.RAMJobStore [RAMJobStore.java:155] RAMJobStore initialized.
2022-08-01 11:11:43,781 INFO [main] o.q.c.QuartzScheduler [QuartzScheduler.java:294] Scheduler meta-data: Quartz Scheduler (v2.3.1) 'quartzScheduler' with instanceId 'NON_CLUSTERED'
  Scheduler class: 'org.quartz.core.QuartzScheduler' - running locally.
  NOT STARTED.
  Currently in standby mode.
  Number of jobs executed: 0
  Using thread pool 'org.quartz.simpl.SimpleThreadPool' - with 10 threads.
  Using job-store 'org.quartz.simpl.RAMJobStore' - which does not support persistence. and is not clustered.

2022-08-01 11:11:43,782 INFO [main] o.q.i.StdSchedulerFactory [StdSchedulerFactory.java:1362] Quartz scheduler 'quartzScheduler' initialized from an externally provided properties instance.
2022-08-01 11:11:43,782 INFO [main] o.q.i.StdSchedulerFactory [StdSchedulerFactory.java:1366] Quartz scheduler version: 2.3.1
2022-08-01 11:11:43,782 INFO [main] o.q.c.QuartzScheduler [QuartzScheduler.java:2293] JobFactory set to: org.springframework.scheduling.quartz.SpringBeanJobFactory@15312df
2022-08-01 11:11:43,865 INFO [main] o.s.b.a.e.w.EndpointLinksResolver [EndpointLinksResolver.java:58] Exposing 2 endpoint(s) beneath base path '/actuator'
2022-08-01 11:11:43,928 INFO [main] o.s.s.q.SchedulerFactoryBean [SchedulerFactoryBean.java:727] Starting Quartz Scheduler now
2022-08-01 11:11:43,929 INFO [main] o.q.c.QuartzScheduler [QuartzScheduler.java:547] Scheduler quartzScheduler_$_NON_CLUSTERED started.
2022-08-01 11:11:43,943 INFO [main] c.h.c.SensitiveTests [StartupInfoLogger.java:61] Started SensitiveTests in 8.093 seconds (JVM running for 9.137)
2022-08-01 11:11:44,230 INFO [SpringContextShutdownHook] o.q.c.QuartzScheduler [QuartzScheduler.java:585] Scheduler quartzScheduler_$_NON_CLUSTERED paused.
2022-08-01 11:11:44,231 INFO [SpringContextShutdownHook] o.s.s.q.SchedulerFactoryBean [SchedulerFactoryBean.java:845] Shutting down Quartz Scheduler
2022-08-01 11:11:44,231 INFO [SpringContextShutdownHook] o.q.c.QuartzScheduler [QuartzScheduler.java:666] Scheduler quartzScheduler_$_NON_CLUSTERED shutting down.
2022-08-01 11:11:44,232 INFO [SpringContextShutdownHook] o.q.c.QuartzScheduler [QuartzScheduler.java:585] Scheduler quartzScheduler_$_NON_CLUSTERED paused.
2022-08-01 11:11:44,232 INFO [SpringContextShutdownHook] o.q.c.QuartzScheduler [QuartzScheduler.java:740] Scheduler quartzScheduler_$_NON_CLUSTERED shutdown complete.
2022-08-01 11:11:44,267 INFO [SpringContextShutdownHook] o.s.s.c.ThreadPoolTaskExecutor [ExecutorConfigurationSupport.java:208] Shutting down ExecutorService 'applicationTaskExecutor'
2022-08-01 11:12:16,850 INFO [main] c.h.c.SensitiveTests [StartupInfoLogger.java:55] Starting SensitiveTests on DESKTOP-9VDD8UD with PID 17324 (started by hp in D:\CommunityOnlineForum)
2022-08-01 11:12:16,854 INFO [main] c.h.c.SensitiveTests [SpringApplication.java:651] No active profile set, falling back to default profiles: default
2022-08-01 11:12:18,763 INFO [main] o.s.d.r.c.RepositoryConfigurationDelegate [RepositoryConfigurationDelegate.java:244] Multiple Spring Data modules found, entering strict repository configuration mode!
2022-08-01 11:12:18,766 INFO [main] o.s.d.r.c.RepositoryConfigurationDelegate [RepositoryConfigurationDelegate.java:126] Bootstrapping Spring Data repositories in DEFAULT mode.
2022-08-01 11:12:18,787 INFO [main] o.s.d.r.c.RepositoryConfigurationDelegate [RepositoryConfigurationDelegate.java:182] Finished Spring Data repository scanning in 12ms. Found 0 repository interfaces.
2022-08-01 11:12:18,793 INFO [main] o.s.d.r.c.RepositoryConfigurationDelegate [RepositoryConfigurationDelegate.java:244] Multiple Spring Data modules found, entering strict repository configuration mode!
2022-08-01 11:12:18,797 INFO [main] o.s.d.r.c.RepositoryConfigurationDelegate [RepositoryConfigurationDelegate.java:126] Bootstrapping Spring Data repositories in DEFAULT mode.
2022-08-01 11:12:18,802 INFO [main] o.s.d.r.c.RepositoryConfigurationDelegate [RepositoryConfigurationDelegate.java:182] Finished Spring Data repository scanning in 5ms. Found 0 repository interfaces.
2022-08-01 11:12:18,816 INFO [main] o.s.d.r.c.RepositoryConfigurationDelegate [RepositoryConfigurationDelegate.java:244] Multiple Spring Data modules found, entering strict repository configuration mode!
2022-08-01 11:12:18,818 INFO [main] o.s.d.r.c.RepositoryConfigurationDelegate [RepositoryConfigurationDelegate.java:126] Bootstrapping Spring Data repositories in DEFAULT mode.
2022-08-01 11:12:18,839 INFO [main] o.s.d.r.c.RepositoryConfigurationDelegate [RepositoryConfigurationDelegate.java:182] Finished Spring Data repository scanning in 6ms. Found 0 repository interfaces.
2022-08-01 11:12:19,659 INFO [main] o.s.c.s.PostProcessorRegistrationDelegate$BeanPostProcessorChecker [PostProcessorRegistrationDelegate.java:330] Bean 'org.springframework.transaction.annotation.ProxyTransactionManagementConfiguration' of type [org.springframework.transaction.annotation.ProxyTransactionManagementConfiguration] is not eligible for getting processed by all BeanPostProcessors (for example: not eligible for auto-proxying)
2022-08-01 11:12:21,505 INFO [main] o.s.s.c.ThreadPoolTaskExecutor [ExecutorConfigurationSupport.java:171] Initializing ExecutorService 'applicationTaskExecutor'
2022-08-01 11:12:21,638 INFO [main] o.s.b.a.w.s.WelcomePageHandlerMapping [WelcomePageHandlerMapping.java:58] Adding welcome page template: index
2022-08-01 11:12:24,512 INFO [main] o.q.i.StdSchedulerFactory [StdSchedulerFactory.java:1208] Using default implementation for ThreadExecutor
2022-08-01 11:12:24,535 INFO [main] o.q.c.SchedulerSignalerImpl [SchedulerSignalerImpl.java:61] Initialized Scheduler Signaller of type: class org.quartz.core.SchedulerSignalerImpl
2022-08-01 11:12:24,536 INFO [main] o.q.c.QuartzScheduler [QuartzScheduler.java:229] Quartz Scheduler v.2.3.1 created.
2022-08-01 11:12:24,537 INFO [main] o.q.s.RAMJobStore [RAMJobStore.java:155] RAMJobStore initialized.
2022-08-01 11:12:24,538 INFO [main] o.q.c.QuartzScheduler [QuartzScheduler.java:294] Scheduler meta-data: Quartz Scheduler (v2.3.1) 'quartzScheduler' with instanceId 'NON_CLUSTERED'
  Scheduler class: 'org.quartz.core.QuartzScheduler' - running locally.
  NOT STARTED.
  Currently in standby mode.
  Number of jobs executed: 0
  Using thread pool 'org.quartz.simpl.SimpleThreadPool' - with 10 threads.
  Using job-store 'org.quartz.simpl.RAMJobStore' - which does not support persistence. and is not clustered.

2022-08-01 11:12:24,539 INFO [main] o.q.i.StdSchedulerFactory [StdSchedulerFactory.java:1362] Quartz scheduler 'quartzScheduler' initialized from an externally provided properties instance.
2022-08-01 11:12:24,539 INFO [main] o.q.i.StdSchedulerFactory [StdSchedulerFactory.java:1366] Quartz scheduler version: 2.3.1
2022-08-01 11:12:24,540 INFO [main] o.q.c.QuartzScheduler [QuartzScheduler.java:2293] JobFactory set to: org.springframework.scheduling.quartz.SpringBeanJobFactory@15312df
2022-08-01 11:12:24,639 INFO [main] o.s.b.a.e.w.EndpointLinksResolver [EndpointLinksResolver.java:58] Exposing 2 endpoint(s) beneath base path '/actuator'
2022-08-01 11:12:24,716 INFO [main] o.s.s.q.SchedulerFactoryBean [SchedulerFactoryBean.java:727] Starting Quartz Scheduler now
2022-08-01 11:12:24,716 INFO [main] o.q.c.QuartzScheduler [QuartzScheduler.java:547] Scheduler quartzScheduler_$_NON_CLUSTERED started.
2022-08-01 11:12:24,733 INFO [main] c.h.c.SensitiveTests [StartupInfoLogger.java:61] Started SensitiveTests in 8.374 seconds (JVM running for 9.354)
2022-08-01 11:12:25,462 INFO [SpringContextShutdownHook] o.q.c.QuartzScheduler [QuartzScheduler.java:585] Scheduler quartzScheduler_$_NON_CLUSTERED paused.
2022-08-01 11:12:25,462 INFO [SpringContextShutdownHook] o.s.s.q.SchedulerFactoryBean [SchedulerFactoryBean.java:845] Shutting down Quartz Scheduler
2022-08-01 11:12:25,462 INFO [SpringContextShutdownHook] o.q.c.QuartzScheduler [QuartzScheduler.java:666] Scheduler quartzScheduler_$_NON_CLUSTERED shutting down.
2022-08-01 11:12:25,463 INFO [SpringContextShutdownHook] o.q.c.QuartzScheduler [QuartzScheduler.java:585] Scheduler quartzScheduler_$_NON_CLUSTERED paused.
2022-08-01 11:12:25,463 INFO [SpringContextShutdownHook] o.q.c.QuartzScheduler [QuartzScheduler.java:740] Scheduler quartzScheduler_$_NON_CLUSTERED shutdown complete.
2022-08-01 11:12:25,485 INFO [SpringContextShutdownHook] o.s.s.c.ThreadPoolTaskExecutor [ExecutorConfigurationSupport.java:208] Shutting down ExecutorService 'applicationTaskExecutor'
2022-08-01 11:56:11,233 INFO [restartedMain] c.h.c.CommunityOnlineForumApplication [StartupInfoLogger.java:55] Starting CommunityOnlineForumApplication on DESKTOP-9VDD8UD with PID 16008 (D:\CommunityOnlineForum\target\classes started by hp in D:\CommunityOnlineForum)
2022-08-01 11:56:11,237 INFO [restartedMain] c.h.c.CommunityOnlineForumApplication [SpringApplication.java:651] No active profile set, falling back to default profiles: default
2022-08-01 11:56:11,292 INFO [restartedMain] o.s.b.d.e.DevToolsPropertyDefaultsPostProcessor [DeferredLog.java:225] Devtools property defaults active! Set 'spring.devtools.add-properties' to 'false' to disable
2022-08-01 11:56:11,292 INFO [restartedMain] o.s.b.d.e.DevToolsPropertyDefaultsPostProcessor [DeferredLog.java:225] For additional web related logging consider setting the 'logging.level.web' property to 'DEBUG'
2022-08-01 11:56:12,501 INFO [restartedMain] o.s.d.r.c.RepositoryConfigurationDelegate [RepositoryConfigurationDelegate.java:244] Multiple Spring Data modules found, entering strict repository configuration mode!
2022-08-01 11:56:12,503 INFO [restartedMain] o.s.d.r.c.RepositoryConfigurationDelegate [RepositoryConfigurationDelegate.java:126] Bootstrapping Spring Data repositories in DEFAULT mode.
2022-08-01 11:56:12,519 INFO [restartedMain] o.s.d.r.c.RepositoryConfigurationDelegate [RepositoryConfigurationDelegate.java:182] Finished Spring Data repository scanning in 10ms. Found 0 repository interfaces.
2022-08-01 11:56:12,523 INFO [restartedMain] o.s.d.r.c.RepositoryConfigurationDelegate [RepositoryConfigurationDelegate.java:244] Multiple Spring Data modules found, entering strict repository configuration mode!
2022-08-01 11:56:12,524 INFO [restartedMain] o.s.d.r.c.RepositoryConfigurationDelegate [RepositoryConfigurationDelegate.java:126] Bootstrapping Spring Data repositories in DEFAULT mode.
2022-08-01 11:56:12,528 INFO [restartedMain] o.s.d.r.c.RepositoryConfigurationDelegate [RepositoryConfigurationDelegate.java:182] Finished Spring Data repository scanning in 3ms. Found 0 repository interfaces.
2022-08-01 11:56:12,543 INFO [restartedMain] o.s.d.r.c.RepositoryConfigurationDelegate [RepositoryConfigurationDelegate.java:244] Multiple Spring Data modules found, entering strict repository configuration mode!
2022-08-01 11:56:12,544 INFO [restartedMain] o.s.d.r.c.RepositoryConfigurationDelegate [RepositoryConfigurationDelegate.java:126] Bootstrapping Spring Data repositories in DEFAULT mode.
2022-08-01 11:56:12,560 INFO [restartedMain] o.s.d.r.c.RepositoryConfigurationDelegate [RepositoryConfigurationDelegate.java:182] Finished Spring Data repository scanning in 4ms. Found 0 repository interfaces.
2022-08-01 11:56:13,004 INFO [restartedMain] o.s.c.s.PostProcessorRegistrationDelegate$BeanPostProcessorChecker [PostProcessorRegistrationDelegate.java:330] Bean 'org.springframework.transaction.annotation.ProxyTransactionManagementConfiguration' of type [org.springframework.transaction.annotation.ProxyTransactionManagementConfiguration] is not eligible for getting processed by all BeanPostProcessors (for example: not eligible for auto-proxying)
2022-08-01 11:56:13,464 INFO [restartedMain] o.s.b.w.e.t.TomcatWebServer [TomcatWebServer.java:92] Tomcat initialized with port(s): 8082 (http)
2022-08-01 11:56:13,479 INFO [restartedMain] o.a.c.h.Http11NioProtocol [DirectJDKLog.java:173] Initializing ProtocolHandler ["http-nio-8082"]
2022-08-01 11:56:13,479 INFO [restartedMain] o.a.c.c.StandardService [DirectJDKLog.java:173] Starting service [Tomcat]
2022-08-01 11:56:13,479 INFO [restartedMain] o.a.c.c.StandardEngine [DirectJDKLog.java:173] Starting Servlet engine: [Apache Tomcat/9.0.27]
2022-08-01 11:56:13,619 INFO [restartedMain] o.a.c.c.C.[.[.[/] [DirectJDKLog.java:173] Initializing Spring embedded WebApplicationContext
2022-08-01 11:56:13,619 INFO [restartedMain] o.s.w.c.ContextLoader [ServletWebServerApplicationContext.java:284] Root WebApplicationContext: initialization completed in 2327 ms
2022-08-01 11:56:15,802 INFO [restartedMain] o.s.s.c.ThreadPoolTaskExecutor [ExecutorConfigurationSupport.java:171] Initializing ExecutorService 'applicationTaskExecutor'
2022-08-01 11:56:15,871 INFO [restartedMain] o.s.b.a.w.s.WelcomePageHandlerMapping [WelcomePageHandlerMapping.java:58] Adding welcome page template: index
2022-08-01 11:56:16,466 INFO [restartedMain] o.q.i.StdSchedulerFactory [StdSchedulerFactory.java:1208] Using default implementation for ThreadExecutor
2022-08-01 11:56:16,483 INFO [restartedMain] o.q.c.SchedulerSignalerImpl [SchedulerSignalerImpl.java:61] Initialized Scheduler Signaller of type: class org.quartz.core.SchedulerSignalerImpl
2022-08-01 11:56:16,483 INFO [restartedMain] o.q.c.QuartzScheduler [QuartzScheduler.java:229] Quartz Scheduler v.2.3.1 created.
2022-08-01 11:56:16,486 INFO [restartedMain] o.q.s.RAMJobStore [RAMJobStore.java:155] RAMJobStore initialized.
2022-08-01 11:56:16,487 INFO [restartedMain] o.q.c.QuartzScheduler [QuartzScheduler.java:294] Scheduler meta-data: Quartz Scheduler (v2.3.1) 'quartzScheduler' with instanceId 'NON_CLUSTERED'
  Scheduler class: 'org.quartz.core.QuartzScheduler' - running locally.
  NOT STARTED.
  Currently in standby mode.
  Number of jobs executed: 0
  Using thread pool 'org.quartz.simpl.SimpleThreadPool' - with 10 threads.
  Using job-store 'org.quartz.simpl.RAMJobStore' - which does not support persistence. and is not clustered.

2022-08-01 11:56:16,487 INFO [restartedMain] o.q.i.StdSchedulerFactory [StdSchedulerFactory.java:1362] Quartz scheduler 'quartzScheduler' initialized from an externally provided properties instance.
2022-08-01 11:56:16,487 INFO [restartedMain] o.q.i.StdSchedulerFactory [StdSchedulerFactory.java:1366] Quartz scheduler version: 2.3.1
2022-08-01 11:56:16,488 INFO [restartedMain] o.q.c.QuartzScheduler [QuartzScheduler.java:2293] JobFactory set to: org.springframework.scheduling.quartz.SpringBeanJobFactory@3bbcd1
2022-08-01 11:56:16,638 INFO [restartedMain] o.s.b.d.a.OptionalLiveReloadServer [OptionalLiveReloadServer.java:57] LiveReload server is running on port 35729
2022-08-01 11:56:16,654 INFO [restartedMain] o.s.b.a.e.w.EndpointLinksResolver [EndpointLinksResolver.java:58] Exposing 2 endpoint(s) beneath base path '/actuator'
2022-08-01 11:56:16,771 INFO [restartedMain] o.s.s.q.SchedulerFactoryBean [SchedulerFactoryBean.java:727] Starting Quartz Scheduler now
2022-08-01 11:56:16,772 INFO [restartedMain] o.q.c.QuartzScheduler [QuartzScheduler.java:547] Scheduler quartzScheduler_$_NON_CLUSTERED started.
2022-08-01 11:56:16,804 INFO [restartedMain] o.a.c.h.Http11NioProtocol [DirectJDKLog.java:173] Starting ProtocolHandler ["http-nio-8082"]
2022-08-01 11:56:16,842 INFO [restartedMain] o.s.b.w.e.t.TomcatWebServer [TomcatWebServer.java:204] Tomcat started on port(s): 8082 (http) with context path ''
2022-08-01 11:56:16,849 INFO [restartedMain] c.h.c.CommunityOnlineForumApplication [StartupInfoLogger.java:61] Started CommunityOnlineForumApplication in 6.185 seconds (JVM running for 8.693)
2022-08-01 11:57:02,758 INFO [http-nio-8082-exec-1] o.a.c.c.C.[.[.[/] [DirectJDKLog.java:173] Initializing Spring DispatcherServlet 'dispatcherServlet'
2022-08-01 11:57:02,758 INFO [http-nio-8082-exec-1] o.s.w.s.DispatcherServlet [FrameworkServlet.java:525] Initializing Servlet 'dispatcherServlet'
2022-08-01 11:57:02,772 INFO [http-nio-8082-exec-1] o.s.w.s.DispatcherServlet [FrameworkServlet.java:547] Completed initialization in 13 ms
2022-08-01 11:57:02,822 INFO [http-nio-8082-exec-1] c.z.h.HikariDataSource [HikariDataSource.java:110] HikariPool-1 - Starting...
2022-08-01 11:57:03,185 INFO [http-nio-8082-exec-1] c.z.h.HikariDataSource [HikariDataSource.java:123] HikariPool-1 - Start completed.
2022-08-01 16:16:32,441 INFO [SpringContextShutdownHook] o.q.c.QuartzScheduler [QuartzScheduler.java:585] Scheduler quartzScheduler_$_NON_CLUSTERED paused.
2022-08-01 16:16:32,457 INFO [SpringContextShutdownHook] o.s.s.q.SchedulerFactoryBean [SchedulerFactoryBean.java:845] Shutting down Quartz Scheduler
2022-08-01 16:16:32,458 INFO [SpringContextShutdownHook] o.q.c.QuartzScheduler [QuartzScheduler.java:666] Scheduler quartzScheduler_$_NON_CLUSTERED shutting down.
2022-08-01 16:16:32,458 INFO [SpringContextShutdownHook] o.q.c.QuartzScheduler [QuartzScheduler.java:585] Scheduler quartzScheduler_$_NON_CLUSTERED paused.
2022-08-01 16:16:32,459 INFO [SpringContextShutdownHook] o.q.c.QuartzScheduler [QuartzScheduler.java:740] Scheduler quartzScheduler_$_NON_CLUSTERED shutdown complete.
2022-08-01 16:16:32,467 INFO [SpringContextShutdownHook] o.s.s.c.ThreadPoolTaskExecutor [ExecutorConfigurationSupport.java:208] Shutting down ExecutorService 'applicationTaskExecutor'
2022-08-01 16:16:32,659 INFO [SpringContextShutdownHook] c.z.h.HikariDataSource [HikariDataSource.java:350] HikariPool-1 - Shutdown initiated...
2022-08-01 16:16:32,793 INFO [SpringContextShutdownHook] c.z.h.HikariDataSource [HikariDataSource.java:352] HikariPool-1 - Shutdown completed.
2022-08-01 16:16:42,242 INFO [restartedMain] c.h.c.CommunityOnlineForumApplication [StartupInfoLogger.java:55] Starting CommunityOnlineForumApplication on DESKTOP-9VDD8UD with PID 11340 (D:\CommunityOnlineForum\target\classes started by hp in D:\CommunityOnlineForum)
2022-08-01 16:16:42,250 INFO [restartedMain] c.h.c.CommunityOnlineForumApplication [SpringApplication.java:651] No active profile set, falling back to default profiles: default
2022-08-01 16:16:42,319 INFO [restartedMain] o.s.b.d.e.DevToolsPropertyDefaultsPostProcessor [DeferredLog.java:225] Devtools property defaults active! Set 'spring.devtools.add-properties' to 'false' to disable
2022-08-01 16:16:42,319 INFO [restartedMain] o.s.b.d.e.DevToolsPropertyDefaultsPostProcessor [DeferredLog.java:225] For additional web related logging consider setting the 'logging.level.web' property to 'DEBUG'
2022-08-01 16:16:44,038 INFO [restartedMain] o.s.d.r.c.RepositoryConfigurationDelegate [RepositoryConfigurationDelegate.java:244] Multiple Spring Data modules found, entering strict repository configuration mode!
2022-08-01 16:16:44,041 INFO [restartedMain] o.s.d.r.c.RepositoryConfigurationDelegate [RepositoryConfigurationDelegate.java:126] Bootstrapping Spring Data repositories in DEFAULT mode.
2022-08-01 16:16:44,062 INFO [restartedMain] o.s.d.r.c.RepositoryConfigurationDelegate [RepositoryConfigurationDelegate.java:182] Finished Spring Data repository scanning in 14ms. Found 0 repository interfaces.
2022-08-01 16:16:44,068 INFO [restartedMain] o.s.d.r.c.RepositoryConfigurationDelegate [RepositoryConfigurationDelegate.java:244] Multiple Spring Data modules found, entering strict repository configuration mode!
2022-08-01 16:16:44,069 INFO [restartedMain] o.s.d.r.c.RepositoryConfigurationDelegate [RepositoryConfigurationDelegate.java:126] Bootstrapping Spring Data repositories in DEFAULT mode.
2022-08-01 16:16:44,077 INFO [restartedMain] o.s.d.r.c.RepositoryConfigurationDelegate [RepositoryConfigurationDelegate.java:182] Finished Spring Data repository scanning in 6ms. Found 0 repository interfaces.
2022-08-01 16:16:44,092 INFO [restartedMain] o.s.d.r.c.RepositoryConfigurationDelegate [RepositoryConfigurationDelegate.java:244] Multiple Spring Data modules found, entering strict repository configuration mode!
2022-08-01 16:16:44,096 INFO [restartedMain] o.s.d.r.c.RepositoryConfigurationDelegate [RepositoryConfigurationDelegate.java:126] Bootstrapping Spring Data repositories in DEFAULT mode.
2022-08-01 16:16:44,111 INFO [restartedMain] o.s.d.r.c.RepositoryConfigurationDelegate [RepositoryConfigurationDelegate.java:182] Finished Spring Data repository scanning in 3ms. Found 0 repository interfaces.
2022-08-01 16:16:44,646 INFO [restartedMain] o.s.c.s.PostProcessorRegistrationDelegate$BeanPostProcessorChecker [PostProcessorRegistrationDelegate.java:330] Bean 'org.springframework.transaction.annotation.ProxyTransactionManagementConfiguration' of type [org.springframework.transaction.annotation.ProxyTransactionManagementConfiguration] is not eligible for getting processed by all BeanPostProcessors (for example: not eligible for auto-proxying)
2022-08-01 16:16:45,129 INFO [restartedMain] o.s.b.w.e.t.TomcatWebServer [TomcatWebServer.java:92] Tomcat initialized with port(s): 8082 (http)
2022-08-01 16:16:45,140 INFO [restartedMain] o.a.c.h.Http11NioProtocol [DirectJDKLog.java:173] Initializing ProtocolHandler ["http-nio-8082"]
2022-08-01 16:16:45,141 INFO [restartedMain] o.a.c.c.StandardService [DirectJDKLog.java:173] Starting service [Tomcat]
2022-08-01 16:16:45,141 INFO [restartedMain] o.a.c.c.StandardEngine [DirectJDKLog.java:173] Starting Servlet engine: [Apache Tomcat/9.0.27]
2022-08-01 16:16:45,267 INFO [restartedMain] o.a.c.c.C.[.[.[/] [DirectJDKLog.java:173] Initializing Spring embedded WebApplicationContext
2022-08-01 16:16:45,268 INFO [restartedMain] o.s.w.c.ContextLoader [ServletWebServerApplicationContext.java:284] Root WebApplicationContext: initialization completed in 2949 ms
2022-08-01 16:16:48,190 INFO [restartedMain] o.s.s.c.ThreadPoolTaskExecutor [ExecutorConfigurationSupport.java:171] Initializing ExecutorService 'applicationTaskExecutor'
2022-08-01 16:16:48,294 INFO [restartedMain] o.s.b.a.w.s.WelcomePageHandlerMapping [WelcomePageHandlerMapping.java:58] Adding welcome page template: index
2022-08-01 16:16:49,311 INFO [restartedMain] o.q.i.StdSchedulerFactory [StdSchedulerFactory.java:1208] Using default implementation for ThreadExecutor
2022-08-01 16:16:49,332 INFO [restartedMain] o.q.c.SchedulerSignalerImpl [SchedulerSignalerImpl.java:61] Initialized Scheduler Signaller of type: class org.quartz.core.SchedulerSignalerImpl
2022-08-01 16:16:49,333 INFO [restartedMain] o.q.c.QuartzScheduler [QuartzScheduler.java:229] Quartz Scheduler v.2.3.1 created.
2022-08-01 16:16:49,334 INFO [restartedMain] o.q.s.RAMJobStore [RAMJobStore.java:155] RAMJobStore initialized.
2022-08-01 16:16:49,335 INFO [restartedMain] o.q.c.QuartzScheduler [QuartzScheduler.java:294] Scheduler meta-data: Quartz Scheduler (v2.3.1) 'quartzScheduler' with instanceId 'NON_CLUSTERED'
  Scheduler class: 'org.quartz.core.QuartzScheduler' - running locally.
  NOT STARTED.
  Currently in standby mode.
  Number of jobs executed: 0
  Using thread pool 'org.quartz.simpl.SimpleThreadPool' - with 10 threads.
  Using job-store 'org.quartz.simpl.RAMJobStore' - which does not support persistence. and is not clustered.

2022-08-01 16:16:49,335 INFO [restartedMain] o.q.i.StdSchedulerFactory [StdSchedulerFactory.java:1362] Quartz scheduler 'quartzScheduler' initialized from an externally provided properties instance.
2022-08-01 16:16:49,335 INFO [restartedMain] o.q.i.StdSchedulerFactory [StdSchedulerFactory.java:1366] Quartz scheduler version: 2.3.1
2022-08-01 16:16:49,336 INFO [restartedMain] o.q.c.QuartzScheduler [QuartzScheduler.java:2293] JobFactory set to: org.springframework.scheduling.quartz.SpringBeanJobFactory@f9e15
2022-08-01 16:16:49,410 INFO [restartedMain] o.s.b.d.a.OptionalLiveReloadServer [OptionalLiveReloadServer.java:57] LiveReload server is running on port 35729
2022-08-01 16:16:49,417 INFO [restartedMain] o.s.b.a.e.w.EndpointLinksResolver [EndpointLinksResolver.java:58] Exposing 2 endpoint(s) beneath base path '/actuator'
2022-08-01 16:16:49,482 INFO [restartedMain] o.s.s.q.SchedulerFactoryBean [SchedulerFactoryBean.java:727] Starting Quartz Scheduler now
2022-08-01 16:16:49,482 INFO [restartedMain] o.q.c.QuartzScheduler [QuartzScheduler.java:547] Scheduler quartzScheduler_$_NON_CLUSTERED started.
2022-08-01 16:16:49,498 INFO [restartedMain] o.a.c.h.Http11NioProtocol [DirectJDKLog.java:173] Starting ProtocolHandler ["http-nio-8082"]
2022-08-01 16:16:49,528 INFO [restartedMain] o.s.b.w.e.t.TomcatWebServer [TomcatWebServer.java:204] Tomcat started on port(s): 8082 (http) with context path ''
2022-08-01 16:16:49,532 INFO [restartedMain] c.h.c.CommunityOnlineForumApplication [StartupInfoLogger.java:61] Started CommunityOnlineForumApplication in 8.072 seconds (JVM running for 9.361)
2022-08-01 16:16:52,097 INFO [http-nio-8082-exec-1] o.a.c.c.C.[.[.[/] [DirectJDKLog.java:173] Initializing Spring DispatcherServlet 'dispatcherServlet'
2022-08-01 16:16:52,098 INFO [http-nio-8082-exec-1] o.s.w.s.DispatcherServlet [FrameworkServlet.java:525] Initializing Servlet 'dispatcherServlet'
2022-08-01 16:16:52,110 INFO [http-nio-8082-exec-1] o.s.w.s.DispatcherServlet [FrameworkServlet.java:547] Completed initialization in 12 ms
2022-08-01 16:16:52,159 INFO [http-nio-8082-exec-1] c.z.h.HikariDataSource [HikariDataSource.java:110] HikariPool-1 - Starting...
2022-08-01 16:16:52,357 INFO [http-nio-8082-exec-1] c.z.h.HikariDataSource [HikariDataSource.java:123] HikariPool-1 - Start completed.
2022-08-01 16:19:57,525 INFO [SpringContextShutdownHook] o.q.c.QuartzScheduler [QuartzScheduler.java:585] Scheduler quartzScheduler_$_NON_CLUSTERED paused.
2022-08-01 16:19:57,529 INFO [SpringContextShutdownHook] o.s.s.q.SchedulerFactoryBean [SchedulerFactoryBean.java:845] Shutting down Quartz Scheduler
2022-08-01 16:19:57,529 INFO [SpringContextShutdownHook] o.q.c.QuartzScheduler [QuartzScheduler.java:666] Scheduler quartzScheduler_$_NON_CLUSTERED shutting down.
2022-08-01 16:19:57,530 INFO [SpringContextShutdownHook] o.q.c.QuartzScheduler [QuartzScheduler.java:585] Scheduler quartzScheduler_$_NON_CLUSTERED paused.
2022-08-01 16:19:57,530 INFO [SpringContextShutdownHook] o.q.c.QuartzScheduler [QuartzScheduler.java:740] Scheduler quartzScheduler_$_NON_CLUSTERED shutdown complete.
2022-08-01 16:19:57,533 INFO [SpringContextShutdownHook] o.s.s.c.ThreadPoolTaskExecutor [ExecutorConfigurationSupport.java:208] Shutting down ExecutorService 'applicationTaskExecutor'
2022-08-01 16:19:57,552 INFO [SpringContextShutdownHook] c.z.h.HikariDataSource [HikariDataSource.java:350] HikariPool-1 - Shutdown initiated...
2022-08-01 16:19:57,560 INFO [SpringContextShutdownHook] c.z.h.HikariDataSource [HikariDataSource.java:352] HikariPool-1 - Shutdown completed.
2022-08-01 16:20:01,489 INFO [restartedMain] c.h.c.CommunityOnlineForumApplication [StartupInfoLogger.java:55] Starting CommunityOnlineForumApplication on DESKTOP-9VDD8UD with PID 20144 (D:\CommunityOnlineForum\target\classes started by hp in D:\CommunityOnlineForum)
2022-08-01 16:20:01,492 INFO [restartedMain] c.h.c.CommunityOnlineForumApplication [SpringApplication.java:651] No active profile set, falling back to default profiles: default
2022-08-01 16:20:01,548 INFO [restartedMain] o.s.b.d.e.DevToolsPropertyDefaultsPostProcessor [DeferredLog.java:225] Devtools property defaults active! Set 'spring.devtools.add-properties' to 'false' to disable
2022-08-01 16:20:01,548 INFO [restartedMain] o.s.b.d.e.DevToolsPropertyDefaultsPostProcessor [DeferredLog.java:225] For additional web related logging consider setting the 'logging.level.web' property to 'DEBUG'
2022-08-01 16:20:02,996 INFO [restartedMain] o.s.d.r.c.RepositoryConfigurationDelegate [RepositoryConfigurationDelegate.java:244] Multiple Spring Data modules found, entering strict repository configuration mode!
2022-08-01 16:20:02,998 INFO [restartedMain] o.s.d.r.c.RepositoryConfigurationDelegate [RepositoryConfigurationDelegate.java:126] Bootstrapping Spring Data repositories in DEFAULT mode.
2022-08-01 16:20:03,019 INFO [restartedMain] o.s.d.r.c.RepositoryConfigurationDelegate [RepositoryConfigurationDelegate.java:182] Finished Spring Data repository scanning in 11ms. Found 0 repository interfaces.
2022-08-01 16:20:03,025 INFO [restartedMain] o.s.d.r.c.RepositoryConfigurationDelegate [RepositoryConfigurationDelegate.java:244] Multiple Spring Data modules found, entering strict repository configuration mode!
2022-08-01 16:20:03,026 INFO [restartedMain] o.s.d.r.c.RepositoryConfigurationDelegate [RepositoryConfigurationDelegate.java:126] Bootstrapping Spring Data repositories in DEFAULT mode.
2022-08-01 16:20:03,031 INFO [restartedMain] o.s.d.r.c.RepositoryConfigurationDelegate [RepositoryConfigurationDelegate.java:182] Finished Spring Data repository scanning in 4ms. Found 0 repository interfaces.
2022-08-01 16:20:03,044 INFO [restartedMain] o.s.d.r.c.RepositoryConfigurationDelegate [RepositoryConfigurationDelegate.java:244] Multiple Spring Data modules found, entering strict repository configuration mode!
2022-08-01 16:20:03,048 INFO [restartedMain] o.s.d.r.c.RepositoryConfigurationDelegate [RepositoryConfigurationDelegate.java:126] Bootstrapping Spring Data repositories in DEFAULT mode.
2022-08-01 16:20:03,065 INFO [restartedMain] o.s.d.r.c.RepositoryConfigurationDelegate [RepositoryConfigurationDelegate.java:182] Finished Spring Data repository scanning in 4ms. Found 0 repository interfaces.
2022-08-01 16:20:03,610 INFO [restartedMain] o.s.c.s.PostProcessorRegistrationDelegate$BeanPostProcessorChecker [PostProcessorRegistrationDelegate.java:330] Bean 'org.springframework.transaction.annotation.ProxyTransactionManagementConfiguration' of type [org.springframework.transaction.annotation.ProxyTransactionManagementConfiguration] is not eligible for getting processed by all BeanPostProcessors (for example: not eligible for auto-proxying)
2022-08-01 16:20:04,093 INFO [restartedMain] o.s.b.w.e.t.TomcatWebServer [TomcatWebServer.java:92] Tomcat initialized with port(s): 8082 (http)
2022-08-01 16:20:04,108 INFO [restartedMain] o.a.c.h.Http11NioProtocol [DirectJDKLog.java:173] Initializing ProtocolHandler ["http-nio-8082"]
2022-08-01 16:20:04,109 INFO [restartedMain] o.a.c.c.StandardService [DirectJDKLog.java:173] Starting service [Tomcat]
2022-08-01 16:20:04,111 INFO [restartedMain] o.a.c.c.StandardEngine [DirectJDKLog.java:173] Starting Servlet engine: [Apache Tomcat/9.0.27]
2022-08-01 16:20:04,334 INFO [restartedMain] o.a.c.c.C.[.[.[/] [DirectJDKLog.java:173] Initializing Spring embedded WebApplicationContext
2022-08-01 16:20:04,335 INFO [restartedMain] o.s.w.c.ContextLoader [ServletWebServerApplicationContext.java:284] Root WebApplicationContext: initialization completed in 2786 ms
2022-08-01 16:20:06,589 INFO [restartedMain] o.s.s.c.ThreadPoolTaskExecutor [ExecutorConfigurationSupport.java:171] Initializing ExecutorService 'applicationTaskExecutor'
2022-08-01 16:20:06,663 INFO [restartedMain] o.s.b.a.w.s.WelcomePageHandlerMapping [WelcomePageHandlerMapping.java:58] Adding welcome page template: index
2022-08-01 16:20:07,381 INFO [restartedMain] o.q.i.StdSchedulerFactory [StdSchedulerFactory.java:1208] Using default implementation for ThreadExecutor
2022-08-01 16:20:07,397 INFO [restartedMain] o.q.c.SchedulerSignalerImpl [SchedulerSignalerImpl.java:61] Initialized Scheduler Signaller of type: class org.quartz.core.SchedulerSignalerImpl
2022-08-01 16:20:07,397 INFO [restartedMain] o.q.c.QuartzScheduler [QuartzScheduler.java:229] Quartz Scheduler v.2.3.1 created.
2022-08-01 16:20:07,398 INFO [restartedMain] o.q.s.RAMJobStore [RAMJobStore.java:155] RAMJobStore initialized.
2022-08-01 16:20:07,399 INFO [restartedMain] o.q.c.QuartzScheduler [QuartzScheduler.java:294] Scheduler meta-data: Quartz Scheduler (v2.3.1) 'quartzScheduler' with instanceId 'NON_CLUSTERED'
  Scheduler class: 'org.quartz.core.QuartzScheduler' - running locally.
  NOT STARTED.
  Currently in standby mode.
  Number of jobs executed: 0
  Using thread pool 'org.quartz.simpl.SimpleThreadPool' - with 10 threads.
  Using job-store 'org.quartz.simpl.RAMJobStore' - which does not support persistence. and is not clustered.

2022-08-01 16:20:07,400 INFO [restartedMain] o.q.i.StdSchedulerFactory [StdSchedulerFactory.java:1362] Quartz scheduler 'quartzScheduler' initialized from an externally provided properties instance.
2022-08-01 16:20:07,400 INFO [restartedMain] o.q.i.StdSchedulerFactory [StdSchedulerFactory.java:1366] Quartz scheduler version: 2.3.1
2022-08-01 16:20:07,400 INFO [restartedMain] o.q.c.QuartzScheduler [QuartzScheduler.java:2293] JobFactory set to: org.springframework.scheduling.quartz.SpringBeanJobFactory@325ed5
2022-08-01 16:20:07,447 INFO [restartedMain] o.s.b.d.a.OptionalLiveReloadServer [OptionalLiveReloadServer.java:57] LiveReload server is running on port 35729
2022-08-01 16:20:07,452 INFO [restartedMain] o.s.b.a.e.w.EndpointLinksResolver [EndpointLinksResolver.java:58] Exposing 2 endpoint(s) beneath base path '/actuator'
2022-08-01 16:20:07,528 INFO [restartedMain] o.s.s.q.SchedulerFactoryBean [SchedulerFactoryBean.java:727] Starting Quartz Scheduler now
2022-08-01 16:20:07,528 INFO [restartedMain] o.q.c.QuartzScheduler [QuartzScheduler.java:547] Scheduler quartzScheduler_$_NON_CLUSTERED started.
2022-08-01 16:20:07,543 INFO [restartedMain] o.a.c.h.Http11NioProtocol [DirectJDKLog.java:173] Starting ProtocolHandler ["http-nio-8082"]
2022-08-01 16:20:07,560 INFO [restartedMain] o.s.b.w.e.t.TomcatWebServer [TomcatWebServer.java:204] Tomcat started on port(s): 8082 (http) with context path ''
2022-08-01 16:20:07,563 INFO [restartedMain] c.h.c.CommunityOnlineForumApplication [StartupInfoLogger.java:61] Started CommunityOnlineForumApplication in 6.582 seconds (JVM running for 7.848)
2022-08-01 16:20:10,402 INFO [http-nio-8082-exec-1] o.a.c.c.C.[.[.[/] [DirectJDKLog.java:173] Initializing Spring DispatcherServlet 'dispatcherServlet'
2022-08-01 16:20:10,404 INFO [http-nio-8082-exec-1] o.s.w.s.DispatcherServlet [FrameworkServlet.java:525] Initializing Servlet 'dispatcherServlet'
2022-08-01 16:20:10,435 INFO [http-nio-8082-exec-1] o.s.w.s.DispatcherServlet [FrameworkServlet.java:547] Completed initialization in 30 ms
2022-08-01 16:20:10,491 INFO [http-nio-8082-exec-1] c.z.h.HikariDataSource [HikariDataSource.java:110] HikariPool-1 - Starting...
2022-08-01 16:20:10,833 INFO [http-nio-8082-exec-1] c.z.h.HikariDataSource [HikariDataSource.java:123] HikariPool-1 - Start completed.
2022-08-01 16:20:26,240 INFO [SpringContextShutdownHook] o.q.c.QuartzScheduler [QuartzScheduler.java:585] Scheduler quartzScheduler_$_NON_CLUSTERED paused.
2022-08-01 16:20:26,249 INFO [SpringContextShutdownHook] o.s.s.q.SchedulerFactoryBean [SchedulerFactoryBean.java:845] Shutting down Quartz Scheduler
2022-08-01 16:20:26,250 INFO [SpringContextShutdownHook] o.q.c.QuartzScheduler [QuartzScheduler.java:666] Scheduler quartzScheduler_$_NON_CLUSTERED shutting down.
2022-08-01 16:20:26,251 INFO [SpringContextShutdownHook] o.q.c.QuartzScheduler [QuartzScheduler.java:585] Scheduler quartzScheduler_$_NON_CLUSTERED paused.
2022-08-01 16:20:26,253 INFO [SpringContextShutdownHook] o.q.c.QuartzScheduler [QuartzScheduler.java:740] Scheduler quartzScheduler_$_NON_CLUSTERED shutdown complete.
2022-08-01 16:20:26,260 INFO [SpringContextShutdownHook] o.s.s.c.ThreadPoolTaskExecutor [ExecutorConfigurationSupport.java:208] Shutting down ExecutorService 'applicationTaskExecutor'
2022-08-01 16:20:26,315 INFO [SpringContextShutdownHook] c.z.h.HikariDataSource [HikariDataSource.java:350] HikariPool-1 - Shutdown initiated...
2022-08-01 16:20:26,335 INFO [SpringContextShutdownHook] c.z.h.HikariDataSource [HikariDataSource.java:352] HikariPool-1 - Shutdown completed.
2022-08-01 16:20:33,333 INFO [restartedMain] c.h.c.CommunityOnlineForumApplication [StartupInfoLogger.java:55] Starting CommunityOnlineForumApplication on DESKTOP-9VDD8UD with PID 21404 (D:\CommunityOnlineForum\target\classes started by hp in D:\CommunityOnlineForum)
2022-08-01 16:20:33,338 INFO [restartedMain] c.h.c.CommunityOnlineForumApplication [SpringApplication.java:651] No active profile set, falling back to default profiles: default
2022-08-01 16:20:33,462 INFO [restartedMain] o.s.b.d.e.DevToolsPropertyDefaultsPostProcessor [DeferredLog.java:225] Devtools property defaults active! Set 'spring.devtools.add-properties' to 'false' to disable
2022-08-01 16:20:33,463 INFO [restartedMain] o.s.b.d.e.DevToolsPropertyDefaultsPostProcessor [DeferredLog.java:225] For additional web related logging consider setting the 'logging.level.web' property to 'DEBUG'
2022-08-01 16:20:35,270 INFO [restartedMain] o.s.d.r.c.RepositoryConfigurationDelegate [RepositoryConfigurationDelegate.java:244] Multiple Spring Data modules found, entering strict repository configuration mode!
2022-08-01 16:20:35,274 INFO [restartedMain] o.s.d.r.c.RepositoryConfigurationDelegate [RepositoryConfigurationDelegate.java:126] Bootstrapping Spring Data repositories in DEFAULT mode.
2022-08-01 16:20:35,299 INFO [restartedMain] o.s.d.r.c.RepositoryConfigurationDelegate [RepositoryConfigurationDelegate.java:182] Finished Spring Data repository scanning in 12ms. Found 0 repository interfaces.
2022-08-01 16:20:35,307 INFO [restartedMain] o.s.d.r.c.RepositoryConfigurationDelegate [RepositoryConfigurationDelegate.java:244] Multiple Spring Data modules found, entering strict repository configuration mode!
2022-08-01 16:20:35,308 INFO [restartedMain] o.s.d.r.c.RepositoryConfigurationDelegate [RepositoryConfigurationDelegate.java:126] Bootstrapping Spring Data repositories in DEFAULT mode.
2022-08-01 16:20:35,312 INFO [restartedMain] o.s.d.r.c.RepositoryConfigurationDelegate [RepositoryConfigurationDelegate.java:182] Finished Spring Data repository scanning in 3ms. Found 0 repository interfaces.
2022-08-01 16:20:35,365 INFO [restartedMain] o.s.d.r.c.RepositoryConfigurationDelegate [RepositoryConfigurationDelegate.java:244] Multiple Spring Data modules found, entering strict repository configuration mode!
2022-08-01 16:20:35,367 INFO [restartedMain] o.s.d.r.c.RepositoryConfigurationDelegate [RepositoryConfigurationDelegate.java:126] Bootstrapping Spring Data repositories in DEFAULT mode.
2022-08-01 16:20:35,384 INFO [restartedMain] o.s.d.r.c.RepositoryConfigurationDelegate [RepositoryConfigurationDelegate.java:182] Finished Spring Data repository scanning in 3ms. Found 0 repository interfaces.
2022-08-01 16:20:36,003 INFO [restartedMain] o.s.c.s.PostProcessorRegistrationDelegate$BeanPostProcessorChecker [PostProcessorRegistrationDelegate.java:330] Bean 'org.springframework.transaction.annotation.ProxyTransactionManagementConfiguration' of type [org.springframework.transaction.annotation.ProxyTransactionManagementConfiguration] is not eligible for getting processed by all BeanPostProcessors (for example: not eligible for auto-proxying)
2022-08-01 16:20:36,555 INFO [restartedMain] o.s.b.w.e.t.TomcatWebServer [TomcatWebServer.java:92] Tomcat initialized with port(s): 8082 (http)
2022-08-01 16:20:36,567 INFO [restartedMain] o.a.c.h.Http11NioProtocol [DirectJDKLog.java:173] Initializing ProtocolHandler ["http-nio-8082"]
2022-08-01 16:20:36,568 INFO [restartedMain] o.a.c.c.StandardService [DirectJDKLog.java:173] Starting service [Tomcat]
2022-08-01 16:20:36,569 INFO [restartedMain] o.a.c.c.StandardEngine [DirectJDKLog.java:173] Starting Servlet engine: [Apache Tomcat/9.0.27]
2022-08-01 16:20:36,794 INFO [restartedMain] o.a.c.c.C.[.[.[/] [DirectJDKLog.java:173] Initializing Spring embedded WebApplicationContext
2022-08-01 16:20:36,794 INFO [restartedMain] o.s.w.c.ContextLoader [ServletWebServerApplicationContext.java:284] Root WebApplicationContext: initialization completed in 3331 ms
2022-08-01 16:20:39,486 INFO [restartedMain] o.s.s.c.ThreadPoolTaskExecutor [ExecutorConfigurationSupport.java:171] Initializing ExecutorService 'applicationTaskExecutor'
2022-08-01 16:20:39,574 INFO [restartedMain] o.s.b.a.w.s.WelcomePageHandlerMapping [WelcomePageHandlerMapping.java:58] Adding welcome page template: index
2022-08-01 16:20:40,285 INFO [restartedMain] o.q.i.StdSchedulerFactory [StdSchedulerFactory.java:1208] Using default implementation for ThreadExecutor
2022-08-01 16:20:40,301 INFO [restartedMain] o.q.c.SchedulerSignalerImpl [SchedulerSignalerImpl.java:61] Initialized Scheduler Signaller of type: class org.quartz.core.SchedulerSignalerImpl
2022-08-01 16:20:40,302 INFO [restartedMain] o.q.c.QuartzScheduler [QuartzScheduler.java:229] Quartz Scheduler v.2.3.1 created.
2022-08-01 16:20:40,305 INFO [restartedMain] o.q.s.RAMJobStore [RAMJobStore.java:155] RAMJobStore initialized.
2022-08-01 16:20:40,306 INFO [restartedMain] o.q.c.QuartzScheduler [QuartzScheduler.java:294] Scheduler meta-data: Quartz Scheduler (v2.3.1) 'quartzScheduler' with instanceId 'NON_CLUSTERED'
  Scheduler class: 'org.quartz.core.QuartzScheduler' - running locally.
  NOT STARTED.
  Currently in standby mode.
  Number of jobs executed: 0
  Using thread pool 'org.quartz.simpl.SimpleThreadPool' - with 10 threads.
  Using job-store 'org.quartz.simpl.RAMJobStore' - which does not support persistence. and is not clustered.

2022-08-01 16:20:40,306 INFO [restartedMain] o.q.i.StdSchedulerFactory [StdSchedulerFactory.java:1362] Quartz scheduler 'quartzScheduler' initialized from an externally provided properties instance.
2022-08-01 16:20:40,307 INFO [restartedMain] o.q.i.StdSchedulerFactory [StdSchedulerFactory.java:1366] Quartz scheduler version: 2.3.1
2022-08-01 16:20:40,307 INFO [restartedMain] o.q.c.QuartzScheduler [QuartzScheduler.java:2293] JobFactory set to: org.springframework.scheduling.quartz.SpringBeanJobFactory@a62e4c
2022-08-01 16:20:40,352 INFO [restartedMain] o.s.b.d.a.OptionalLiveReloadServer [OptionalLiveReloadServer.java:57] LiveReload server is running on port 35729
2022-08-01 16:20:40,358 INFO [restartedMain] o.s.b.a.e.w.EndpointLinksResolver [EndpointLinksResolver.java:58] Exposing 2 endpoint(s) beneath base path '/actuator'
2022-08-01 16:20:40,405 INFO [restartedMain] o.s.s.q.SchedulerFactoryBean [SchedulerFactoryBean.java:727] Starting Quartz Scheduler now
2022-08-01 16:20:40,406 INFO [restartedMain] o.q.c.QuartzScheduler [QuartzScheduler.java:547] Scheduler quartzScheduler_$_NON_CLUSTERED started.
2022-08-01 16:20:40,421 INFO [restartedMain] o.a.c.h.Http11NioProtocol [DirectJDKLog.java:173] Starting ProtocolHandler ["http-nio-8082"]
2022-08-01 16:20:40,440 INFO [restartedMain] o.s.b.w.e.t.TomcatWebServer [TomcatWebServer.java:204] Tomcat started on port(s): 8082 (http) with context path ''
2022-08-01 16:20:40,448 INFO [restartedMain] c.h.c.CommunityOnlineForumApplication [StartupInfoLogger.java:61] Started CommunityOnlineForumApplication in 8.106 seconds (JVM running for 10.505)
2022-08-01 16:20:51,919 INFO [http-nio-8082-exec-1] o.a.c.c.C.[.[.[/] [DirectJDKLog.java:173] Initializing Spring DispatcherServlet 'dispatcherServlet'
2022-08-01 16:20:51,923 INFO [http-nio-8082-exec-1] o.s.w.s.DispatcherServlet [FrameworkServlet.java:525] Initializing Servlet 'dispatcherServlet'
2022-08-01 16:20:51,943 INFO [http-nio-8082-exec-1] o.s.w.s.DispatcherServlet [FrameworkServlet.java:547] Completed initialization in 20 ms
2022-08-01 16:20:52,012 INFO [http-nio-8082-exec-1] c.z.h.HikariDataSource [HikariDataSource.java:110] HikariPool-1 - Starting...
2022-08-01 16:20:52,270 INFO [http-nio-8082-exec-1] c.z.h.HikariDataSource [HikariDataSource.java:123] HikariPool-1 - Start completed.
2022-08-01 17:23:40,550 INFO [SpringContextShutdownHook] o.q.c.QuartzScheduler [QuartzScheduler.java:585] Scheduler quartzScheduler_$_NON_CLUSTERED paused.
2022-08-01 17:23:40,555 INFO [SpringContextShutdownHook] o.s.s.q.SchedulerFactoryBean [SchedulerFactoryBean.java:845] Shutting down Quartz Scheduler
2022-08-01 17:23:40,555 INFO [SpringContextShutdownHook] o.q.c.QuartzScheduler [QuartzScheduler.java:666] Scheduler quartzScheduler_$_NON_CLUSTERED shutting down.
2022-08-01 17:23:40,555 INFO [SpringContextShutdownHook] o.q.c.QuartzScheduler [QuartzScheduler.java:585] Scheduler quartzScheduler_$_NON_CLUSTERED paused.
2022-08-01 17:23:40,556 INFO [SpringContextShutdownHook] o.q.c.QuartzScheduler [QuartzScheduler.java:740] Scheduler quartzScheduler_$_NON_CLUSTERED shutdown complete.
2022-08-01 17:23:40,560 INFO [SpringContextShutdownHook] o.s.s.c.ThreadPoolTaskExecutor [ExecutorConfigurationSupport.java:208] Shutting down ExecutorService 'applicationTaskExecutor'
2022-08-01 17:23:40,592 INFO [SpringContextShutdownHook] c.z.h.HikariDataSource [HikariDataSource.java:350] HikariPool-1 - Shutdown initiated...
2022-08-01 17:23:40,603 INFO [SpringContextShutdownHook] c.z.h.HikariDataSource [HikariDataSource.java:352] HikariPool-1 - Shutdown completed.
2022-08-01 17:23:52,262 INFO [restartedMain] c.h.c.CommunityOnlineForumApplication [StartupInfoLogger.java:55] Starting CommunityOnlineForumApplication on DESKTOP-9VDD8UD with PID 18400 (D:\CommunityOnlineForum\target\classes started by hp in D:\CommunityOnlineForum)
2022-08-01 17:23:52,267 INFO [restartedMain] c.h.c.CommunityOnlineForumApplication [SpringApplication.java:651] No active profile set, falling back to default profiles: default
2022-08-01 17:23:52,355 INFO [restartedMain] o.s.b.d.e.DevToolsPropertyDefaultsPostProcessor [DeferredLog.java:225] Devtools property defaults active! Set 'spring.devtools.add-properties' to 'false' to disable
2022-08-01 17:23:52,355 INFO [restartedMain] o.s.b.d.e.DevToolsPropertyDefaultsPostProcessor [DeferredLog.java:225] For additional web related logging consider setting the 'logging.level.web' property to 'DEBUG'
2022-08-01 17:23:54,002 INFO [restartedMain] o.s.d.r.c.RepositoryConfigurationDelegate [RepositoryConfigurationDelegate.java:244] Multiple Spring Data modules found, entering strict repository configuration mode!
2022-08-01 17:23:54,010 INFO [restartedMain] o.s.d.r.c.RepositoryConfigurationDelegate [RepositoryConfigurationDelegate.java:126] Bootstrapping Spring Data repositories in DEFAULT mode.
2022-08-01 17:23:54,029 INFO [restartedMain] o.s.d.r.c.RepositoryConfigurationDelegate [RepositoryConfigurationDelegate.java:182] Finished Spring Data repository scanning in 10ms. Found 0 repository interfaces.
2022-08-01 17:23:54,035 INFO [restartedMain] o.s.d.r.c.RepositoryConfigurationDelegate [RepositoryConfigurationDelegate.java:244] Multiple Spring Data modules found, entering strict repository configuration mode!
2022-08-01 17:23:54,036 INFO [restartedMain] o.s.d.r.c.RepositoryConfigurationDelegate [RepositoryConfigurationDelegate.java:126] Bootstrapping Spring Data repositories in DEFAULT mode.
2022-08-01 17:23:54,040 INFO [restartedMain] o.s.d.r.c.RepositoryConfigurationDelegate [RepositoryConfigurationDelegate.java:182] Finished Spring Data repository scanning in 4ms. Found 0 repository interfaces.
2022-08-01 17:23:54,091 INFO [restartedMain] o.s.d.r.c.RepositoryConfigurationDelegate [RepositoryConfigurationDelegate.java:244] Multiple Spring Data modules found, entering strict repository configuration mode!
2022-08-01 17:23:54,093 INFO [restartedMain] o.s.d.r.c.RepositoryConfigurationDelegate [RepositoryConfigurationDelegate.java:126] Bootstrapping Spring Data repositories in DEFAULT mode.
2022-08-01 17:23:54,111 INFO [restartedMain] o.s.d.r.c.RepositoryConfigurationDelegate [RepositoryConfigurationDelegate.java:182] Finished Spring Data repository scanning in 4ms. Found 0 repository interfaces.
2022-08-01 17:23:54,757 INFO [restartedMain] o.s.c.s.PostProcessorRegistrationDelegate$BeanPostProcessorChecker [PostProcessorRegistrationDelegate.java:330] Bean 'org.springframework.transaction.annotation.ProxyTransactionManagementConfiguration' of type [org.springframework.transaction.annotation.ProxyTransactionManagementConfiguration] is not eligible for getting processed by all BeanPostProcessors (for example: not eligible for auto-proxying)
2022-08-01 17:23:55,334 INFO [restartedMain] o.s.b.w.e.t.TomcatWebServer [TomcatWebServer.java:92] Tomcat initialized with port(s): 8082 (http)
2022-08-01 17:23:55,346 INFO [restartedMain] o.a.c.h.Http11NioProtocol [DirectJDKLog.java:173] Initializing ProtocolHandler ["http-nio-8082"]
2022-08-01 17:23:55,347 INFO [restartedMain] o.a.c.c.StandardService [DirectJDKLog.java:173] Starting service [Tomcat]
2022-08-01 17:23:55,348 INFO [restartedMain] o.a.c.c.StandardEngine [DirectJDKLog.java:173] Starting Servlet engine: [Apache Tomcat/9.0.27]
2022-08-01 17:23:55,520 INFO [restartedMain] o.a.c.c.C.[.[.[/] [DirectJDKLog.java:173] Initializing Spring embedded WebApplicationContext
2022-08-01 17:23:55,521 INFO [restartedMain] o.s.w.c.ContextLoader [ServletWebServerApplicationContext.java:284] Root WebApplicationContext: initialization completed in 3166 ms
2022-08-01 17:23:58,401 INFO [restartedMain] o.s.s.c.ThreadPoolTaskExecutor [ExecutorConfigurationSupport.java:171] Initializing ExecutorService 'applicationTaskExecutor'
2022-08-01 17:23:58,503 INFO [restartedMain] o.s.b.a.w.s.WelcomePageHandlerMapping [WelcomePageHandlerMapping.java:58] Adding welcome page template: index
2022-08-01 17:23:59,294 INFO [restartedMain] o.q.i.StdSchedulerFactory [StdSchedulerFactory.java:1208] Using default implementation for ThreadExecutor
2022-08-01 17:23:59,314 INFO [restartedMain] o.q.c.SchedulerSignalerImpl [SchedulerSignalerImpl.java:61] Initialized Scheduler Signaller of type: class org.quartz.core.SchedulerSignalerImpl
2022-08-01 17:23:59,314 INFO [restartedMain] o.q.c.QuartzScheduler [QuartzScheduler.java:229] Quartz Scheduler v.2.3.1 created.
2022-08-01 17:23:59,315 INFO [restartedMain] o.q.s.RAMJobStore [RAMJobStore.java:155] RAMJobStore initialized.
2022-08-01 17:23:59,316 INFO [restartedMain] o.q.c.QuartzScheduler [QuartzScheduler.java:294] Scheduler meta-data: Quartz Scheduler (v2.3.1) 'quartzScheduler' with instanceId 'NON_CLUSTERED'
  Scheduler class: 'org.quartz.core.QuartzScheduler' - running locally.
  NOT STARTED.
  Currently in standby mode.
  Number of jobs executed: 0
  Using thread pool 'org.quartz.simpl.SimpleThreadPool' - with 10 threads.
  Using job-store 'org.quartz.simpl.RAMJobStore' - which does not support persistence. and is not clustered.

2022-08-01 17:23:59,317 INFO [restartedMain] o.q.i.StdSchedulerFactory [StdSchedulerFactory.java:1362] Quartz scheduler 'quartzScheduler' initialized from an externally provided properties instance.
2022-08-01 17:23:59,317 INFO [restartedMain] o.q.i.StdSchedulerFactory [StdSchedulerFactory.java:1366] Quartz scheduler version: 2.3.1
2022-08-01 17:23:59,317 INFO [restartedMain] o.q.c.QuartzScheduler [QuartzScheduler.java:2293] JobFactory set to: org.springframework.scheduling.quartz.SpringBeanJobFactory@a6c776
2022-08-01 17:23:59,370 INFO [restartedMain] o.s.b.d.a.OptionalLiveReloadServer [OptionalLiveReloadServer.java:57] LiveReload server is running on port 35729
2022-08-01 17:23:59,375 INFO [restartedMain] o.s.b.a.e.w.EndpointLinksResolver [EndpointLinksResolver.java:58] Exposing 2 endpoint(s) beneath base path '/actuator'
2022-08-01 17:23:59,449 INFO [restartedMain] o.s.s.q.SchedulerFactoryBean [SchedulerFactoryBean.java:727] Starting Quartz Scheduler now
2022-08-01 17:23:59,450 INFO [restartedMain] o.q.c.QuartzScheduler [QuartzScheduler.java:547] Scheduler quartzScheduler_$_NON_CLUSTERED started.
2022-08-01 17:23:59,467 INFO [restartedMain] o.a.c.h.Http11NioProtocol [DirectJDKLog.java:173] Starting ProtocolHandler ["http-nio-8082"]
2022-08-01 17:23:59,488 INFO [restartedMain] o.s.b.w.e.t.TomcatWebServer [TomcatWebServer.java:204] Tomcat started on port(s): 8082 (http) with context path ''
2022-08-01 17:23:59,492 INFO [restartedMain] c.h.c.CommunityOnlineForumApplication [StartupInfoLogger.java:61] Started CommunityOnlineForumApplication in 8.044 seconds (JVM running for 9.702)
2022-08-01 17:24:07,574 INFO [http-nio-8082-exec-1] o.a.c.c.C.[.[.[/] [DirectJDKLog.java:173] Initializing Spring DispatcherServlet 'dispatcherServlet'
2022-08-01 17:24:07,575 INFO [http-nio-8082-exec-1] o.s.w.s.DispatcherServlet [FrameworkServlet.java:525] Initializing Servlet 'dispatcherServlet'
2022-08-01 17:24:07,587 INFO [http-nio-8082-exec-1] o.s.w.s.DispatcherServlet [FrameworkServlet.java:547] Completed initialization in 12 ms
2022-08-01 17:24:07,690 INFO [http-nio-8082-exec-1] c.z.h.HikariDataSource [HikariDataSource.java:110] HikariPool-1 - Starting...
2022-08-01 17:24:07,942 INFO [http-nio-8082-exec-1] c.z.h.HikariDataSource [HikariDataSource.java:123] HikariPool-1 - Start completed.
2022-08-01 17:31:48,582 INFO [SpringContextShutdownHook] o.q.c.QuartzScheduler [QuartzScheduler.java:585] Scheduler quartzScheduler_$_NON_CLUSTERED paused.
2022-08-01 17:31:48,586 INFO [SpringContextShutdownHook] o.s.s.q.SchedulerFactoryBean [SchedulerFactoryBean.java:845] Shutting down Quartz Scheduler
2022-08-01 17:31:48,586 INFO [SpringContextShutdownHook] o.q.c.QuartzScheduler [QuartzScheduler.java:666] Scheduler quartzScheduler_$_NON_CLUSTERED shutting down.
2022-08-01 17:31:48,586 INFO [SpringContextShutdownHook] o.q.c.QuartzScheduler [QuartzScheduler.java:585] Scheduler quartzScheduler_$_NON_CLUSTERED paused.
2022-08-01 17:31:48,587 INFO [SpringContextShutdownHook] o.q.c.QuartzScheduler [QuartzScheduler.java:740] Scheduler quartzScheduler_$_NON_CLUSTERED shutdown complete.
2022-08-01 17:31:48,591 INFO [SpringContextShutdownHook] o.s.s.c.ThreadPoolTaskExecutor [ExecutorConfigurationSupport.java:208] Shutting down ExecutorService 'applicationTaskExecutor'
2022-08-01 17:31:48,619 INFO [SpringContextShutdownHook] c.z.h.HikariDataSource [HikariDataSource.java:350] HikariPool-1 - Shutdown initiated...
2022-08-01 17:31:48,625 INFO [SpringContextShutdownHook] c.z.h.HikariDataSource [HikariDataSource.java:352] HikariPool-1 - Shutdown completed.
