2022-07-26 20:14:33,812 INFO [restartedMain] c.h.c.CommunityOnlineForumApplication [StartupInfoLogger.java:55] Starting CommunityOnlineForumApplication on DESKTOP-9VDD8UD with PID 16520 (D:\CommunityOnlineForum\target\classes started by hp in D:\CommunityOnlineForum)
2022-07-26 20:14:33,865 INFO [restartedMain] c.h.c.CommunityOnlineForumApplication [SpringApplication.java:651] No active profile set, falling back to default profiles: default
2022-07-26 20:14:33,967 INFO [restartedMain] o.s.b.d.e.DevToolsPropertyDefaultsPostProcessor [DeferredLog.java:225] Devtools property defaults active! Set 'spring.devtools.add-properties' to 'false' to disable
2022-07-26 20:14:33,967 INFO [restartedMain] o.s.b.d.e.DevToolsPropertyDefaultsPostProcessor [DeferredLog.java:225] For additional web related logging consider setting the 'logging.level.web' property to 'DEBUG'
2022-07-26 20:14:36,847 INFO [restartedMain] o.s.d.r.c.RepositoryConfigurationDelegate [RepositoryConfigurationDelegate.java:244] Multiple Spring Data modules found, entering strict repository configuration mode!
2022-07-26 20:14:36,856 INFO [restartedMain] o.s.d.r.c.RepositoryConfigurationDelegate [RepositoryConfigurationDelegate.java:126] Bootstrapping Spring Data repositories in DEFAULT mode.
2022-07-26 20:14:36,875 INFO [restartedMain] o.s.d.r.c.RepositoryConfigurationDelegate [RepositoryConfigurationDelegate.java:182] Finished Spring Data repository scanning in 11ms. Found 0 repository interfaces.
2022-07-26 20:14:36,881 INFO [restartedMain] o.s.d.r.c.RepositoryConfigurationDelegate [RepositoryConfigurationDelegate.java:244] Multiple Spring Data modules found, entering strict repository configuration mode!
2022-07-26 20:14:36,882 INFO [restartedMain] o.s.d.r.c.RepositoryConfigurationDelegate [RepositoryConfigurationDelegate.java:126] Bootstrapping Spring Data repositories in DEFAULT mode.
2022-07-26 20:14:36,886 INFO [restartedMain] o.s.d.r.c.RepositoryConfigurationDelegate [RepositoryConfigurationDelegate.java:182] Finished Spring Data repository scanning in 2ms. Found 0 repository interfaces.
2022-07-26 20:14:36,915 INFO [restartedMain] o.s.d.r.c.RepositoryConfigurationDelegate [RepositoryConfigurationDelegate.java:244] Multiple Spring Data modules found, entering strict repository configuration mode!
2022-07-26 20:14:36,917 INFO [restartedMain] o.s.d.r.c.RepositoryConfigurationDelegate [RepositoryConfigurationDelegate.java:126] Bootstrapping Spring Data repositories in DEFAULT mode.
2022-07-26 20:14:36,937 INFO [restartedMain] o.s.d.r.c.RepositoryConfigurationDelegate [RepositoryConfigurationDelegate.java:182] Finished Spring Data repository scanning in 3ms. Found 0 repository interfaces.
2022-07-26 20:14:37,936 INFO [restartedMain] o.s.c.s.PostProcessorRegistrationDelegate$BeanPostProcessorChecker [PostProcessorRegistrationDelegate.java:330] Bean 'org.springframework.transaction.annotation.ProxyTransactionManagementConfiguration' of type [org.springframework.transaction.annotation.ProxyTransactionManagementConfiguration] is not eligible for getting processed by all BeanPostProcessors (for example: not eligible for auto-proxying)
2022-07-26 20:14:38,634 INFO [restartedMain] o.s.b.w.e.t.TomcatWebServer [TomcatWebServer.java:92] Tomcat initialized with port(s): 8082 (http)
2022-07-26 20:14:38,657 INFO [restartedMain] o.a.c.h.Http11NioProtocol [DirectJDKLog.java:173] Initializing ProtocolHandler ["http-nio-8082"]
2022-07-26 20:14:38,658 INFO [restartedMain] o.a.c.c.StandardService [DirectJDKLog.java:173] Starting service [Tomcat]
2022-07-26 20:14:38,658 INFO [restartedMain] o.a.c.c.StandardEngine [DirectJDKLog.java:173] Starting Servlet engine: [Apache Tomcat/9.0.27]
2022-07-26 20:14:38,992 INFO [restartedMain] o.a.c.c.C.[.[.[/] [DirectJDKLog.java:173] Initializing Spring embedded WebApplicationContext
2022-07-26 20:14:38,993 INFO [restartedMain] o.s.w.c.ContextLoader [ServletWebServerApplicationContext.java:284] Root WebApplicationContext: initialization completed in 5025 ms
2022-07-26 20:14:42,814 INFO [restartedMain] o.s.s.c.ThreadPoolTaskExecutor [ExecutorConfigurationSupport.java:171] Initializing ExecutorService 'applicationTaskExecutor'
2022-07-26 20:14:42,917 INFO [restartedMain] o.s.b.a.w.s.WelcomePageHandlerMapping [WelcomePageHandlerMapping.java:58] Adding welcome page template: index
2022-07-26 20:14:43,695 INFO [restartedMain] o.q.i.StdSchedulerFactory [StdSchedulerFactory.java:1208] Using default implementation for ThreadExecutor
2022-07-26 20:14:43,733 INFO [restartedMain] o.q.c.SchedulerSignalerImpl [SchedulerSignalerImpl.java:61] Initialized Scheduler Signaller of type: class org.quartz.core.SchedulerSignalerImpl
2022-07-26 20:14:43,733 INFO [restartedMain] o.q.c.QuartzScheduler [QuartzScheduler.java:229] Quartz Scheduler v.2.3.1 created.
2022-07-26 20:14:43,734 INFO [restartedMain] o.q.s.RAMJobStore [RAMJobStore.java:155] RAMJobStore initialized.
2022-07-26 20:14:43,735 INFO [restartedMain] o.q.c.QuartzScheduler [QuartzScheduler.java:294] Scheduler meta-data: Quartz Scheduler (v2.3.1) 'quartzScheduler' with instanceId 'NON_CLUSTERED'
  Scheduler class: 'org.quartz.core.QuartzScheduler' - running locally.
  NOT STARTED.
  Currently in standby mode.
  Number of jobs executed: 0
  Using thread pool 'org.quartz.simpl.SimpleThreadPool' - with 10 threads.
  Using job-store 'org.quartz.simpl.RAMJobStore' - which does not support persistence. and is not clustered.

2022-07-26 20:14:43,735 INFO [restartedMain] o.q.i.StdSchedulerFactory [StdSchedulerFactory.java:1362] Quartz scheduler 'quartzScheduler' initialized from an externally provided properties instance.
2022-07-26 20:14:43,736 INFO [restartedMain] o.q.i.StdSchedulerFactory [StdSchedulerFactory.java:1366] Quartz scheduler version: 2.3.1
2022-07-26 20:14:43,736 INFO [restartedMain] o.q.c.QuartzScheduler [QuartzScheduler.java:2293] JobFactory set to: org.springframework.scheduling.quartz.SpringBeanJobFactory@174cf8c
2022-07-26 20:14:43,881 INFO [restartedMain] o.s.b.d.a.OptionalLiveReloadServer [OptionalLiveReloadServer.java:57] LiveReload server is running on port 35729
2022-07-26 20:14:43,896 INFO [restartedMain] o.s.b.a.e.w.EndpointLinksResolver [EndpointLinksResolver.java:58] Exposing 2 endpoint(s) beneath base path '/actuator'
2022-07-26 20:14:44,050 INFO [restartedMain] o.s.s.q.SchedulerFactoryBean [SchedulerFactoryBean.java:727] Starting Quartz Scheduler now
2022-07-26 20:14:44,051 INFO [restartedMain] o.q.c.QuartzScheduler [QuartzScheduler.java:547] Scheduler quartzScheduler_$_NON_CLUSTERED started.
2022-07-26 20:14:44,088 INFO [restartedMain] o.a.c.h.Http11NioProtocol [DirectJDKLog.java:173] Starting ProtocolHandler ["http-nio-8082"]
2022-07-26 20:14:44,181 INFO [restartedMain] o.s.b.w.e.t.TomcatWebServer [TomcatWebServer.java:204] Tomcat started on port(s): 8082 (http) with context path ''
2022-07-26 20:14:44,191 INFO [restartedMain] c.h.c.CommunityOnlineForumApplication [StartupInfoLogger.java:61] Started CommunityOnlineForumApplication in 12.006 seconds (JVM running for 14.36)
2022-07-26 20:14:49,531 INFO [http-nio-8082-exec-2] o.a.c.c.C.[.[.[/] [DirectJDKLog.java:173] Initializing Spring DispatcherServlet 'dispatcherServlet'
2022-07-26 20:14:49,531 INFO [http-nio-8082-exec-2] o.s.w.s.DispatcherServlet [FrameworkServlet.java:525] Initializing Servlet 'dispatcherServlet'
2022-07-26 20:14:49,543 INFO [http-nio-8082-exec-2] o.s.w.s.DispatcherServlet [FrameworkServlet.java:547] Completed initialization in 11 ms
2022-07-26 20:14:49,669 INFO [http-nio-8082-exec-2] c.z.h.HikariDataSource [HikariDataSource.java:110] HikariPool-1 - Starting...
2022-07-26 20:14:50,342 INFO [http-nio-8082-exec-2] c.z.h.HikariDataSource [HikariDataSource.java:123] HikariPool-1 - Start completed.
2022-07-26 21:04:25,655 INFO [Thread-6] o.q.c.QuartzScheduler [QuartzScheduler.java:585] Scheduler quartzScheduler_$_NON_CLUSTERED paused.
2022-07-26 21:04:25,658 INFO [Thread-6] o.s.s.q.SchedulerFactoryBean [SchedulerFactoryBean.java:845] Shutting down Quartz Scheduler
2022-07-26 21:04:25,659 INFO [Thread-6] o.q.c.QuartzScheduler [QuartzScheduler.java:666] Scheduler quartzScheduler_$_NON_CLUSTERED shutting down.
2022-07-26 21:04:25,659 INFO [Thread-6] o.q.c.QuartzScheduler [QuartzScheduler.java:585] Scheduler quartzScheduler_$_NON_CLUSTERED paused.
2022-07-26 21:04:25,659 INFO [Thread-6] o.q.c.QuartzScheduler [QuartzScheduler.java:740] Scheduler quartzScheduler_$_NON_CLUSTERED shutdown complete.
2022-07-26 21:04:25,662 INFO [Thread-6] o.s.s.c.ThreadPoolTaskExecutor [ExecutorConfigurationSupport.java:208] Shutting down ExecutorService 'applicationTaskExecutor'
2022-07-26 21:04:25,687 INFO [Thread-6] c.z.h.HikariDataSource [HikariDataSource.java:350] HikariPool-1 - Shutdown initiated...
2022-07-26 21:04:25,693 INFO [Thread-6] c.z.h.HikariDataSource [HikariDataSource.java:352] HikariPool-1 - Shutdown completed.
2022-07-26 21:04:26,332 INFO [restartedMain] c.h.c.CommunityOnlineForumApplication [StartupInfoLogger.java:55] Starting CommunityOnlineForumApplication on DESKTOP-9VDD8UD with PID 16520 (D:\CommunityOnlineForum\target\classes started by hp in D:\CommunityOnlineForum)
2022-07-26 21:04:26,333 INFO [restartedMain] c.h.c.CommunityOnlineForumApplication [SpringApplication.java:651] No active profile set, falling back to default profiles: default
2022-07-26 21:04:27,038 INFO [restartedMain] o.s.d.r.c.RepositoryConfigurationDelegate [RepositoryConfigurationDelegate.java:244] Multiple Spring Data modules found, entering strict repository configuration mode!
2022-07-26 21:04:27,039 INFO [restartedMain] o.s.d.r.c.RepositoryConfigurationDelegate [RepositoryConfigurationDelegate.java:126] Bootstrapping Spring Data repositories in DEFAULT mode.
2022-07-26 21:04:27,041 INFO [restartedMain] o.s.d.r.c.RepositoryConfigurationDelegate [RepositoryConfigurationDelegate.java:182] Finished Spring Data repository scanning in 2ms. Found 0 repository interfaces.
2022-07-26 21:04:27,044 INFO [restartedMain] o.s.d.r.c.RepositoryConfigurationDelegate [RepositoryConfigurationDelegate.java:244] Multiple Spring Data modules found, entering strict repository configuration mode!
2022-07-26 21:04:27,044 INFO [restartedMain] o.s.d.r.c.RepositoryConfigurationDelegate [RepositoryConfigurationDelegate.java:126] Bootstrapping Spring Data repositories in DEFAULT mode.
2022-07-26 21:04:27,047 INFO [restartedMain] o.s.d.r.c.RepositoryConfigurationDelegate [RepositoryConfigurationDelegate.java:182] Finished Spring Data repository scanning in 2ms. Found 0 repository interfaces.
2022-07-26 21:04:27,050 INFO [restartedMain] o.s.d.r.c.RepositoryConfigurationDelegate [RepositoryConfigurationDelegate.java:244] Multiple Spring Data modules found, entering strict repository configuration mode!
2022-07-26 21:04:27,050 INFO [restartedMain] o.s.d.r.c.RepositoryConfigurationDelegate [RepositoryConfigurationDelegate.java:126] Bootstrapping Spring Data repositories in DEFAULT mode.
2022-07-26 21:04:27,053 INFO [restartedMain] o.s.d.r.c.RepositoryConfigurationDelegate [RepositoryConfigurationDelegate.java:182] Finished Spring Data repository scanning in 2ms. Found 0 repository interfaces.
2022-07-26 21:04:27,226 INFO [restartedMain] o.s.c.s.PostProcessorRegistrationDelegate$BeanPostProcessorChecker [PostProcessorRegistrationDelegate.java:330] Bean 'org.springframework.transaction.annotation.ProxyTransactionManagementConfiguration' of type [org.springframework.transaction.annotation.ProxyTransactionManagementConfiguration] is not eligible for getting processed by all BeanPostProcessors (for example: not eligible for auto-proxying)
2022-07-26 21:04:27,405 INFO [restartedMain] o.s.b.w.e.t.TomcatWebServer [TomcatWebServer.java:92] Tomcat initialized with port(s): 8082 (http)
2022-07-26 21:04:27,406 INFO [restartedMain] o.a.c.h.Http11NioProtocol [DirectJDKLog.java:173] Initializing ProtocolHandler ["http-nio-8082"]
2022-07-26 21:04:27,407 INFO [restartedMain] o.a.c.c.StandardService [DirectJDKLog.java:173] Starting service [Tomcat]
2022-07-26 21:04:27,407 INFO [restartedMain] o.a.c.c.StandardEngine [DirectJDKLog.java:173] Starting Servlet engine: [Apache Tomcat/9.0.27]
2022-07-26 21:04:27,448 INFO [restartedMain] o.a.c.c.C.[.[.[/] [DirectJDKLog.java:173] Initializing Spring embedded WebApplicationContext
2022-07-26 21:04:27,449 INFO [restartedMain] o.s.w.c.ContextLoader [ServletWebServerApplicationContext.java:284] Root WebApplicationContext: initialization completed in 1109 ms
2022-07-26 21:04:27,816 INFO [restartedMain] o.a.c.c.StandardService [DirectJDKLog.java:173] Stopping service [Tomcat]
2022-07-26 21:04:27,827 INFO [restartedMain] o.s.b.a.l.ConditionEvaluationReportLoggingListener [ConditionEvaluationReportLoggingListener.java:136] 

Error starting ApplicationContext. To display the conditions report re-run your application with 'debug' enabled.
2022-07-26 21:06:15,435 INFO [restartedMain] c.h.c.CommunityOnlineForumApplication [StartupInfoLogger.java:55] Starting CommunityOnlineForumApplication on DESKTOP-9VDD8UD with PID 11112 (D:\CommunityOnlineForum\target\classes started by hp in D:\CommunityOnlineForum)
2022-07-26 21:06:15,445 INFO [restartedMain] c.h.c.CommunityOnlineForumApplication [SpringApplication.java:651] No active profile set, falling back to default profiles: default
2022-07-26 21:06:15,508 INFO [restartedMain] o.s.b.d.e.DevToolsPropertyDefaultsPostProcessor [DeferredLog.java:225] Devtools property defaults active! Set 'spring.devtools.add-properties' to 'false' to disable
2022-07-26 21:06:15,509 INFO [restartedMain] o.s.b.d.e.DevToolsPropertyDefaultsPostProcessor [DeferredLog.java:225] For additional web related logging consider setting the 'logging.level.web' property to 'DEBUG'
2022-07-26 21:06:16,945 INFO [restartedMain] o.s.d.r.c.RepositoryConfigurationDelegate [RepositoryConfigurationDelegate.java:244] Multiple Spring Data modules found, entering strict repository configuration mode!
2022-07-26 21:06:16,948 INFO [restartedMain] o.s.d.r.c.RepositoryConfigurationDelegate [RepositoryConfigurationDelegate.java:126] Bootstrapping Spring Data repositories in DEFAULT mode.
2022-07-26 21:06:17,004 INFO [restartedMain] o.s.d.r.c.RepositoryConfigurationDelegate [RepositoryConfigurationDelegate.java:182] Finished Spring Data repository scanning in 44ms. Found 0 repository interfaces.
2022-07-26 21:06:17,011 INFO [restartedMain] o.s.d.r.c.RepositoryConfigurationDelegate [RepositoryConfigurationDelegate.java:244] Multiple Spring Data modules found, entering strict repository configuration mode!
2022-07-26 21:06:17,013 INFO [restartedMain] o.s.d.r.c.RepositoryConfigurationDelegate [RepositoryConfigurationDelegate.java:126] Bootstrapping Spring Data repositories in DEFAULT mode.
2022-07-26 21:06:17,017 INFO [restartedMain] o.s.d.r.c.RepositoryConfigurationDelegate [RepositoryConfigurationDelegate.java:182] Finished Spring Data repository scanning in 3ms. Found 0 repository interfaces.
2022-07-26 21:06:17,036 INFO [restartedMain] o.s.d.r.c.RepositoryConfigurationDelegate [RepositoryConfigurationDelegate.java:244] Multiple Spring Data modules found, entering strict repository configuration mode!
2022-07-26 21:06:17,038 INFO [restartedMain] o.s.d.r.c.RepositoryConfigurationDelegate [RepositoryConfigurationDelegate.java:126] Bootstrapping Spring Data repositories in DEFAULT mode.
2022-07-26 21:06:17,064 INFO [restartedMain] o.s.d.r.c.RepositoryConfigurationDelegate [RepositoryConfigurationDelegate.java:182] Finished Spring Data repository scanning in 4ms. Found 0 repository interfaces.
2022-07-26 21:06:17,624 INFO [restartedMain] o.s.c.s.PostProcessorRegistrationDelegate$BeanPostProcessorChecker [PostProcessorRegistrationDelegate.java:330] Bean 'org.springframework.transaction.annotation.ProxyTransactionManagementConfiguration' of type [org.springframework.transaction.annotation.ProxyTransactionManagementConfiguration] is not eligible for getting processed by all BeanPostProcessors (for example: not eligible for auto-proxying)
2022-07-26 21:06:18,044 INFO [restartedMain] o.s.b.w.e.t.TomcatWebServer [TomcatWebServer.java:92] Tomcat initialized with port(s): 8082 (http)
2022-07-26 21:06:18,055 INFO [restartedMain] o.a.c.h.Http11NioProtocol [DirectJDKLog.java:173] Initializing ProtocolHandler ["http-nio-8082"]
2022-07-26 21:06:18,056 INFO [restartedMain] o.a.c.c.StandardService [DirectJDKLog.java:173] Starting service [Tomcat]
2022-07-26 21:06:18,056 INFO [restartedMain] o.a.c.c.StandardEngine [DirectJDKLog.java:173] Starting Servlet engine: [Apache Tomcat/9.0.27]
2022-07-26 21:06:18,233 INFO [restartedMain] o.a.c.c.C.[.[.[/] [DirectJDKLog.java:173] Initializing Spring embedded WebApplicationContext
2022-07-26 21:06:18,233 INFO [restartedMain] o.s.w.c.ContextLoader [ServletWebServerApplicationContext.java:284] Root WebApplicationContext: initialization completed in 2724 ms
2022-07-26 21:06:20,377 INFO [restartedMain] o.s.s.c.ThreadPoolTaskExecutor [ExecutorConfigurationSupport.java:171] Initializing ExecutorService 'applicationTaskExecutor'
2022-07-26 21:06:20,472 INFO [restartedMain] o.s.b.a.w.s.WelcomePageHandlerMapping [WelcomePageHandlerMapping.java:58] Adding welcome page template: index
2022-07-26 21:06:21,175 INFO [restartedMain] o.q.i.StdSchedulerFactory [StdSchedulerFactory.java:1208] Using default implementation for ThreadExecutor
2022-07-26 21:06:21,191 INFO [restartedMain] o.q.c.SchedulerSignalerImpl [SchedulerSignalerImpl.java:61] Initialized Scheduler Signaller of type: class org.quartz.core.SchedulerSignalerImpl
2022-07-26 21:06:21,191 INFO [restartedMain] o.q.c.QuartzScheduler [QuartzScheduler.java:229] Quartz Scheduler v.2.3.1 created.
2022-07-26 21:06:21,192 INFO [restartedMain] o.q.s.RAMJobStore [RAMJobStore.java:155] RAMJobStore initialized.
2022-07-26 21:06:21,194 INFO [restartedMain] o.q.c.QuartzScheduler [QuartzScheduler.java:294] Scheduler meta-data: Quartz Scheduler (v2.3.1) 'quartzScheduler' with instanceId 'NON_CLUSTERED'
  Scheduler class: 'org.quartz.core.QuartzScheduler' - running locally.
  NOT STARTED.
  Currently in standby mode.
  Number of jobs executed: 0
  Using thread pool 'org.quartz.simpl.SimpleThreadPool' - with 10 threads.
  Using job-store 'org.quartz.simpl.RAMJobStore' - which does not support persistence. and is not clustered.

2022-07-26 21:06:21,194 INFO [restartedMain] o.q.i.StdSchedulerFactory [StdSchedulerFactory.java:1362] Quartz scheduler 'quartzScheduler' initialized from an externally provided properties instance.
2022-07-26 21:06:21,194 INFO [restartedMain] o.q.i.StdSchedulerFactory [StdSchedulerFactory.java:1366] Quartz scheduler version: 2.3.1
2022-07-26 21:06:21,194 INFO [restartedMain] o.q.c.QuartzScheduler [QuartzScheduler.java:2293] JobFactory set to: org.springframework.scheduling.quartz.SpringBeanJobFactory@1433ad3
2022-07-26 21:06:21,255 INFO [restartedMain] o.s.b.d.a.OptionalLiveReloadServer [OptionalLiveReloadServer.java:57] LiveReload server is running on port 35729
2022-07-26 21:06:21,260 INFO [restartedMain] o.s.b.a.e.w.EndpointLinksResolver [EndpointLinksResolver.java:58] Exposing 2 endpoint(s) beneath base path '/actuator'
2022-07-26 21:06:21,304 INFO [restartedMain] o.s.s.q.SchedulerFactoryBean [SchedulerFactoryBean.java:727] Starting Quartz Scheduler now
2022-07-26 21:06:21,304 INFO [restartedMain] o.q.c.QuartzScheduler [QuartzScheduler.java:547] Scheduler quartzScheduler_$_NON_CLUSTERED started.
2022-07-26 21:06:21,318 INFO [restartedMain] o.a.c.h.Http11NioProtocol [DirectJDKLog.java:173] Starting ProtocolHandler ["http-nio-8082"]
2022-07-26 21:06:21,337 INFO [restartedMain] o.s.b.w.e.t.TomcatWebServer [TomcatWebServer.java:204] Tomcat started on port(s): 8082 (http) with context path ''
2022-07-26 21:06:21,341 INFO [restartedMain] c.h.c.CommunityOnlineForumApplication [StartupInfoLogger.java:61] Started CommunityOnlineForumApplication in 6.563 seconds (JVM running for 8.215)
2022-07-26 21:06:21,579 INFO [http-nio-8082-exec-1] o.a.c.c.C.[.[.[/] [DirectJDKLog.java:173] Initializing Spring DispatcherServlet 'dispatcherServlet'
2022-07-26 21:06:21,579 INFO [http-nio-8082-exec-1] o.s.w.s.DispatcherServlet [FrameworkServlet.java:525] Initializing Servlet 'dispatcherServlet'
2022-07-26 21:06:21,589 INFO [http-nio-8082-exec-1] o.s.w.s.DispatcherServlet [FrameworkServlet.java:547] Completed initialization in 10 ms
2022-07-26 21:08:40,324 INFO [SpringContextShutdownHook] o.q.c.QuartzScheduler [QuartzScheduler.java:585] Scheduler quartzScheduler_$_NON_CLUSTERED paused.
2022-07-26 21:08:40,327 INFO [SpringContextShutdownHook] o.s.s.q.SchedulerFactoryBean [SchedulerFactoryBean.java:845] Shutting down Quartz Scheduler
2022-07-26 21:08:40,327 INFO [SpringContextShutdownHook] o.q.c.QuartzScheduler [QuartzScheduler.java:666] Scheduler quartzScheduler_$_NON_CLUSTERED shutting down.
2022-07-26 21:08:40,327 INFO [SpringContextShutdownHook] o.q.c.QuartzScheduler [QuartzScheduler.java:585] Scheduler quartzScheduler_$_NON_CLUSTERED paused.
2022-07-26 21:08:40,328 INFO [SpringContextShutdownHook] o.q.c.QuartzScheduler [QuartzScheduler.java:740] Scheduler quartzScheduler_$_NON_CLUSTERED shutdown complete.
2022-07-26 21:08:40,331 INFO [SpringContextShutdownHook] o.s.s.c.ThreadPoolTaskExecutor [ExecutorConfigurationSupport.java:208] Shutting down ExecutorService 'applicationTaskExecutor'
2022-07-26 21:08:46,520 INFO [restartedMain] c.h.c.CommunityOnlineForumApplication [StartupInfoLogger.java:55] Starting CommunityOnlineForumApplication on DESKTOP-9VDD8UD with PID 22372 (D:\CommunityOnlineForum\target\classes started by hp in D:\CommunityOnlineForum)
2022-07-26 21:08:46,524 INFO [restartedMain] c.h.c.CommunityOnlineForumApplication [SpringApplication.java:651] No active profile set, falling back to default profiles: default
2022-07-26 21:08:46,595 INFO [restartedMain] o.s.b.d.e.DevToolsPropertyDefaultsPostProcessor [DeferredLog.java:225] Devtools property defaults active! Set 'spring.devtools.add-properties' to 'false' to disable
2022-07-26 21:08:46,596 INFO [restartedMain] o.s.b.d.e.DevToolsPropertyDefaultsPostProcessor [DeferredLog.java:225] For additional web related logging consider setting the 'logging.level.web' property to 'DEBUG'
2022-07-26 21:08:48,120 INFO [restartedMain] o.s.d.r.c.RepositoryConfigurationDelegate [RepositoryConfigurationDelegate.java:244] Multiple Spring Data modules found, entering strict repository configuration mode!
2022-07-26 21:08:48,122 INFO [restartedMain] o.s.d.r.c.RepositoryConfigurationDelegate [RepositoryConfigurationDelegate.java:126] Bootstrapping Spring Data repositories in DEFAULT mode.
2022-07-26 21:08:48,134 INFO [restartedMain] o.s.d.r.c.RepositoryConfigurationDelegate [RepositoryConfigurationDelegate.java:182] Finished Spring Data repository scanning in 8ms. Found 0 repository interfaces.
2022-07-26 21:08:48,145 INFO [restartedMain] o.s.d.r.c.RepositoryConfigurationDelegate [RepositoryConfigurationDelegate.java:244] Multiple Spring Data modules found, entering strict repository configuration mode!
2022-07-26 21:08:48,146 INFO [restartedMain] o.s.d.r.c.RepositoryConfigurationDelegate [RepositoryConfigurationDelegate.java:126] Bootstrapping Spring Data repositories in DEFAULT mode.
2022-07-26 21:08:48,149 INFO [restartedMain] o.s.d.r.c.RepositoryConfigurationDelegate [RepositoryConfigurationDelegate.java:182] Finished Spring Data repository scanning in 2ms. Found 0 repository interfaces.
2022-07-26 21:08:48,160 INFO [restartedMain] o.s.d.r.c.RepositoryConfigurationDelegate [RepositoryConfigurationDelegate.java:244] Multiple Spring Data modules found, entering strict repository configuration mode!
2022-07-26 21:08:48,161 INFO [restartedMain] o.s.d.r.c.RepositoryConfigurationDelegate [RepositoryConfigurationDelegate.java:126] Bootstrapping Spring Data repositories in DEFAULT mode.
2022-07-26 21:08:48,176 INFO [restartedMain] o.s.d.r.c.RepositoryConfigurationDelegate [RepositoryConfigurationDelegate.java:182] Finished Spring Data repository scanning in 5ms. Found 0 repository interfaces.
2022-07-26 21:08:48,842 INFO [restartedMain] o.s.c.s.PostProcessorRegistrationDelegate$BeanPostProcessorChecker [PostProcessorRegistrationDelegate.java:330] Bean 'org.springframework.transaction.annotation.ProxyTransactionManagementConfiguration' of type [org.springframework.transaction.annotation.ProxyTransactionManagementConfiguration] is not eligible for getting processed by all BeanPostProcessors (for example: not eligible for auto-proxying)
2022-07-26 21:08:49,262 INFO [restartedMain] o.s.b.w.e.t.TomcatWebServer [TomcatWebServer.java:92] Tomcat initialized with port(s): 8082 (http)
2022-07-26 21:08:49,273 INFO [restartedMain] o.a.c.h.Http11NioProtocol [DirectJDKLog.java:173] Initializing ProtocolHandler ["http-nio-8082"]
2022-07-26 21:08:49,273 INFO [restartedMain] o.a.c.c.StandardService [DirectJDKLog.java:173] Starting service [Tomcat]
2022-07-26 21:08:49,274 INFO [restartedMain] o.a.c.c.StandardEngine [DirectJDKLog.java:173] Starting Servlet engine: [Apache Tomcat/9.0.27]
2022-07-26 21:08:49,450 INFO [restartedMain] o.a.c.c.C.[.[.[/] [DirectJDKLog.java:173] Initializing Spring embedded WebApplicationContext
2022-07-26 21:08:49,450 INFO [restartedMain] o.s.w.c.ContextLoader [ServletWebServerApplicationContext.java:284] Root WebApplicationContext: initialization completed in 2854 ms
2022-07-26 21:08:51,626 INFO [restartedMain] o.s.s.c.ThreadPoolTaskExecutor [ExecutorConfigurationSupport.java:171] Initializing ExecutorService 'applicationTaskExecutor'
2022-07-26 21:08:51,695 INFO [restartedMain] o.s.b.a.w.s.WelcomePageHandlerMapping [WelcomePageHandlerMapping.java:58] Adding welcome page template: index
2022-07-26 21:08:52,316 INFO [restartedMain] o.q.i.StdSchedulerFactory [StdSchedulerFactory.java:1208] Using default implementation for ThreadExecutor
2022-07-26 21:08:52,347 INFO [restartedMain] o.q.c.SchedulerSignalerImpl [SchedulerSignalerImpl.java:61] Initialized Scheduler Signaller of type: class org.quartz.core.SchedulerSignalerImpl
2022-07-26 21:08:52,347 INFO [restartedMain] o.q.c.QuartzScheduler [QuartzScheduler.java:229] Quartz Scheduler v.2.3.1 created.
2022-07-26 21:08:52,348 INFO [restartedMain] o.q.s.RAMJobStore [RAMJobStore.java:155] RAMJobStore initialized.
2022-07-26 21:08:52,349 INFO [restartedMain] o.q.c.QuartzScheduler [QuartzScheduler.java:294] Scheduler meta-data: Quartz Scheduler (v2.3.1) 'quartzScheduler' with instanceId 'NON_CLUSTERED'
  Scheduler class: 'org.quartz.core.QuartzScheduler' - running locally.
  NOT STARTED.
  Currently in standby mode.
  Number of jobs executed: 0
  Using thread pool 'org.quartz.simpl.SimpleThreadPool' - with 10 threads.
  Using job-store 'org.quartz.simpl.RAMJobStore' - which does not support persistence. and is not clustered.

2022-07-26 21:08:52,350 INFO [restartedMain] o.q.i.StdSchedulerFactory [StdSchedulerFactory.java:1362] Quartz scheduler 'quartzScheduler' initialized from an externally provided properties instance.
2022-07-26 21:08:52,350 INFO [restartedMain] o.q.i.StdSchedulerFactory [StdSchedulerFactory.java:1366] Quartz scheduler version: 2.3.1
2022-07-26 21:08:52,350 INFO [restartedMain] o.q.c.QuartzScheduler [QuartzScheduler.java:2293] JobFactory set to: org.springframework.scheduling.quartz.SpringBeanJobFactory@1e12cea
2022-07-26 21:08:52,392 INFO [restartedMain] o.s.b.d.a.OptionalLiveReloadServer [OptionalLiveReloadServer.java:57] LiveReload server is running on port 35729
2022-07-26 21:08:52,400 INFO [restartedMain] o.s.b.a.e.w.EndpointLinksResolver [EndpointLinksResolver.java:58] Exposing 2 endpoint(s) beneath base path '/actuator'
2022-07-26 21:08:52,445 INFO [restartedMain] o.s.s.q.SchedulerFactoryBean [SchedulerFactoryBean.java:727] Starting Quartz Scheduler now
2022-07-26 21:08:52,446 INFO [restartedMain] o.q.c.QuartzScheduler [QuartzScheduler.java:547] Scheduler quartzScheduler_$_NON_CLUSTERED started.
2022-07-26 21:08:52,458 INFO [restartedMain] o.a.c.h.Http11NioProtocol [DirectJDKLog.java:173] Starting ProtocolHandler ["http-nio-8082"]
2022-07-26 21:08:52,520 INFO [restartedMain] o.s.b.w.e.t.TomcatWebServer [TomcatWebServer.java:204] Tomcat started on port(s): 8082 (http) with context path ''
2022-07-26 21:08:52,524 INFO [restartedMain] c.h.c.CommunityOnlineForumApplication [StartupInfoLogger.java:61] Started CommunityOnlineForumApplication in 6.889 seconds (JVM running for 9.821)
2022-07-26 21:14:28,984 INFO [http-nio-8082-exec-1] o.a.c.c.C.[.[.[/] [DirectJDKLog.java:173] Initializing Spring DispatcherServlet 'dispatcherServlet'
2022-07-26 21:14:28,984 INFO [http-nio-8082-exec-1] o.s.w.s.DispatcherServlet [FrameworkServlet.java:525] Initializing Servlet 'dispatcherServlet'
2022-07-26 21:14:28,995 INFO [http-nio-8082-exec-1] o.s.w.s.DispatcherServlet [FrameworkServlet.java:547] Completed initialization in 11 ms
2022-07-26 21:17:10,199 INFO [http-nio-8082-exec-10] c.z.h.HikariDataSource [HikariDataSource.java:110] HikariPool-1 - Starting...
2022-07-26 21:17:10,529 INFO [http-nio-8082-exec-10] c.z.h.HikariDataSource [HikariDataSource.java:123] HikariPool-1 - Start completed.
2022-07-26 21:35:03,068 INFO [SpringContextShutdownHook] o.q.c.QuartzScheduler [QuartzScheduler.java:585] Scheduler quartzScheduler_$_NON_CLUSTERED paused.
2022-07-26 21:35:03,071 INFO [SpringContextShutdownHook] o.s.s.q.SchedulerFactoryBean [SchedulerFactoryBean.java:845] Shutting down Quartz Scheduler
2022-07-26 21:35:03,071 INFO [SpringContextShutdownHook] o.q.c.QuartzScheduler [QuartzScheduler.java:666] Scheduler quartzScheduler_$_NON_CLUSTERED shutting down.
2022-07-26 21:35:03,071 INFO [SpringContextShutdownHook] o.q.c.QuartzScheduler [QuartzScheduler.java:585] Scheduler quartzScheduler_$_NON_CLUSTERED paused.
2022-07-26 21:35:03,071 INFO [SpringContextShutdownHook] o.q.c.QuartzScheduler [QuartzScheduler.java:740] Scheduler quartzScheduler_$_NON_CLUSTERED shutdown complete.
2022-07-26 21:35:03,074 INFO [SpringContextShutdownHook] o.s.s.c.ThreadPoolTaskExecutor [ExecutorConfigurationSupport.java:208] Shutting down ExecutorService 'applicationTaskExecutor'
2022-07-26 21:35:03,104 INFO [SpringContextShutdownHook] c.z.h.HikariDataSource [HikariDataSource.java:350] HikariPool-1 - Shutdown initiated...
2022-07-26 21:35:03,109 INFO [SpringContextShutdownHook] c.z.h.HikariDataSource [HikariDataSource.java:352] HikariPool-1 - Shutdown completed.
2022-07-26 21:35:14,005 INFO [restartedMain] c.h.c.CommunityOnlineForumApplication [StartupInfoLogger.java:55] Starting CommunityOnlineForumApplication on DESKTOP-9VDD8UD with PID 17104 (D:\CommunityOnlineForum\target\classes started by hp in D:\CommunityOnlineForum)
2022-07-26 21:35:14,009 INFO [restartedMain] c.h.c.CommunityOnlineForumApplication [SpringApplication.java:651] No active profile set, falling back to default profiles: default
2022-07-26 21:35:14,080 INFO [restartedMain] o.s.b.d.e.DevToolsPropertyDefaultsPostProcessor [DeferredLog.java:225] Devtools property defaults active! Set 'spring.devtools.add-properties' to 'false' to disable
2022-07-26 21:35:14,080 INFO [restartedMain] o.s.b.d.e.DevToolsPropertyDefaultsPostProcessor [DeferredLog.java:225] For additional web related logging consider setting the 'logging.level.web' property to 'DEBUG'
2022-07-26 21:35:15,385 INFO [restartedMain] o.s.d.r.c.RepositoryConfigurationDelegate [RepositoryConfigurationDelegate.java:244] Multiple Spring Data modules found, entering strict repository configuration mode!
2022-07-26 21:35:15,387 INFO [restartedMain] o.s.d.r.c.RepositoryConfigurationDelegate [RepositoryConfigurationDelegate.java:126] Bootstrapping Spring Data repositories in DEFAULT mode.
2022-07-26 21:35:15,402 INFO [restartedMain] o.s.d.r.c.RepositoryConfigurationDelegate [RepositoryConfigurationDelegate.java:182] Finished Spring Data repository scanning in 8ms. Found 0 repository interfaces.
2022-07-26 21:35:15,413 INFO [restartedMain] o.s.d.r.c.RepositoryConfigurationDelegate [RepositoryConfigurationDelegate.java:244] Multiple Spring Data modules found, entering strict repository configuration mode!
2022-07-26 21:35:15,414 INFO [restartedMain] o.s.d.r.c.RepositoryConfigurationDelegate [RepositoryConfigurationDelegate.java:126] Bootstrapping Spring Data repositories in DEFAULT mode.
2022-07-26 21:35:15,417 INFO [restartedMain] o.s.d.r.c.RepositoryConfigurationDelegate [RepositoryConfigurationDelegate.java:182] Finished Spring Data repository scanning in 2ms. Found 0 repository interfaces.
2022-07-26 21:35:15,429 INFO [restartedMain] o.s.d.r.c.RepositoryConfigurationDelegate [RepositoryConfigurationDelegate.java:244] Multiple Spring Data modules found, entering strict repository configuration mode!
2022-07-26 21:35:15,431 INFO [restartedMain] o.s.d.r.c.RepositoryConfigurationDelegate [RepositoryConfigurationDelegate.java:126] Bootstrapping Spring Data repositories in DEFAULT mode.
2022-07-26 21:35:15,478 INFO [restartedMain] o.s.d.r.c.RepositoryConfigurationDelegate [RepositoryConfigurationDelegate.java:182] Finished Spring Data repository scanning in 35ms. Found 0 repository interfaces.
2022-07-26 21:35:16,078 INFO [restartedMain] o.s.c.s.PostProcessorRegistrationDelegate$BeanPostProcessorChecker [PostProcessorRegistrationDelegate.java:330] Bean 'org.springframework.transaction.annotation.ProxyTransactionManagementConfiguration' of type [org.springframework.transaction.annotation.ProxyTransactionManagementConfiguration] is not eligible for getting processed by all BeanPostProcessors (for example: not eligible for auto-proxying)
2022-07-26 21:35:16,518 INFO [restartedMain] o.s.b.w.e.t.TomcatWebServer [TomcatWebServer.java:92] Tomcat initialized with port(s): 8082 (http)
2022-07-26 21:35:16,527 INFO [restartedMain] o.a.c.h.Http11NioProtocol [DirectJDKLog.java:173] Initializing ProtocolHandler ["http-nio-8082"]
2022-07-26 21:35:16,528 INFO [restartedMain] o.a.c.c.StandardService [DirectJDKLog.java:173] Starting service [Tomcat]
2022-07-26 21:35:16,529 INFO [restartedMain] o.a.c.c.StandardEngine [DirectJDKLog.java:173] Starting Servlet engine: [Apache Tomcat/9.0.27]
2022-07-26 21:35:16,707 INFO [restartedMain] o.a.c.c.C.[.[.[/] [DirectJDKLog.java:173] Initializing Spring embedded WebApplicationContext
2022-07-26 21:35:16,708 INFO [restartedMain] o.s.w.c.ContextLoader [ServletWebServerApplicationContext.java:284] Root WebApplicationContext: initialization completed in 2627 ms
2022-07-26 21:35:18,874 INFO [restartedMain] o.s.s.c.ThreadPoolTaskExecutor [ExecutorConfigurationSupport.java:171] Initializing ExecutorService 'applicationTaskExecutor'
2022-07-26 21:35:18,971 INFO [restartedMain] o.s.b.a.w.s.WelcomePageHandlerMapping [WelcomePageHandlerMapping.java:58] Adding welcome page template: index
2022-07-26 21:35:19,608 INFO [restartedMain] o.q.i.StdSchedulerFactory [StdSchedulerFactory.java:1208] Using default implementation for ThreadExecutor
2022-07-26 21:35:19,622 INFO [restartedMain] o.q.c.SchedulerSignalerImpl [SchedulerSignalerImpl.java:61] Initialized Scheduler Signaller of type: class org.quartz.core.SchedulerSignalerImpl
2022-07-26 21:35:19,622 INFO [restartedMain] o.q.c.QuartzScheduler [QuartzScheduler.java:229] Quartz Scheduler v.2.3.1 created.
2022-07-26 21:35:19,623 INFO [restartedMain] o.q.s.RAMJobStore [RAMJobStore.java:155] RAMJobStore initialized.
2022-07-26 21:35:19,624 INFO [restartedMain] o.q.c.QuartzScheduler [QuartzScheduler.java:294] Scheduler meta-data: Quartz Scheduler (v2.3.1) 'quartzScheduler' with instanceId 'NON_CLUSTERED'
  Scheduler class: 'org.quartz.core.QuartzScheduler' - running locally.
  NOT STARTED.
  Currently in standby mode.
  Number of jobs executed: 0
  Using thread pool 'org.quartz.simpl.SimpleThreadPool' - with 10 threads.
  Using job-store 'org.quartz.simpl.RAMJobStore' - which does not support persistence. and is not clustered.

2022-07-26 21:35:19,624 INFO [restartedMain] o.q.i.StdSchedulerFactory [StdSchedulerFactory.java:1362] Quartz scheduler 'quartzScheduler' initialized from an externally provided properties instance.
2022-07-26 21:35:19,624 INFO [restartedMain] o.q.i.StdSchedulerFactory [StdSchedulerFactory.java:1366] Quartz scheduler version: 2.3.1
2022-07-26 21:35:19,624 INFO [restartedMain] o.q.c.QuartzScheduler [QuartzScheduler.java:2293] JobFactory set to: org.springframework.scheduling.quartz.SpringBeanJobFactory@12bcd2b
2022-07-26 21:35:19,678 INFO [restartedMain] o.s.b.d.a.OptionalLiveReloadServer [OptionalLiveReloadServer.java:57] LiveReload server is running on port 35729
2022-07-26 21:35:19,683 INFO [restartedMain] o.s.b.a.e.w.EndpointLinksResolver [EndpointLinksResolver.java:58] Exposing 2 endpoint(s) beneath base path '/actuator'
2022-07-26 21:35:19,724 INFO [restartedMain] o.s.s.q.SchedulerFactoryBean [SchedulerFactoryBean.java:727] Starting Quartz Scheduler now
2022-07-26 21:35:19,725 INFO [restartedMain] o.q.c.QuartzScheduler [QuartzScheduler.java:547] Scheduler quartzScheduler_$_NON_CLUSTERED started.
2022-07-26 21:35:19,738 INFO [restartedMain] o.a.c.h.Http11NioProtocol [DirectJDKLog.java:173] Starting ProtocolHandler ["http-nio-8082"]
2022-07-26 21:35:19,756 INFO [restartedMain] o.s.b.w.e.t.TomcatWebServer [TomcatWebServer.java:204] Tomcat started on port(s): 8082 (http) with context path ''
2022-07-26 21:35:19,759 INFO [restartedMain] c.h.c.CommunityOnlineForumApplication [StartupInfoLogger.java:61] Started CommunityOnlineForumApplication in 6.39 seconds (JVM running for 7.816)
2022-07-26 21:37:57,204 INFO [http-nio-8082-exec-1] o.a.c.c.C.[.[.[/] [DirectJDKLog.java:173] Initializing Spring DispatcherServlet 'dispatcherServlet'
2022-07-26 21:37:57,205 INFO [http-nio-8082-exec-1] o.s.w.s.DispatcherServlet [FrameworkServlet.java:525] Initializing Servlet 'dispatcherServlet'
2022-07-26 21:37:57,219 INFO [http-nio-8082-exec-1] o.s.w.s.DispatcherServlet [FrameworkServlet.java:547] Completed initialization in 14 ms
2022-07-26 21:37:57,341 INFO [http-nio-8082-exec-1] c.z.h.HikariDataSource [HikariDataSource.java:110] HikariPool-1 - Starting...
2022-07-26 21:37:57,564 INFO [http-nio-8082-exec-1] c.z.h.HikariDataSource [HikariDataSource.java:123] HikariPool-1 - Start completed.
2022-07-26 21:43:26,091 INFO [SpringContextShutdownHook] o.q.c.QuartzScheduler [QuartzScheduler.java:585] Scheduler quartzScheduler_$_NON_CLUSTERED paused.
2022-07-26 21:43:26,094 INFO [SpringContextShutdownHook] o.s.s.q.SchedulerFactoryBean [SchedulerFactoryBean.java:845] Shutting down Quartz Scheduler
2022-07-26 21:43:26,094 INFO [SpringContextShutdownHook] o.q.c.QuartzScheduler [QuartzScheduler.java:666] Scheduler quartzScheduler_$_NON_CLUSTERED shutting down.
2022-07-26 21:43:26,095 INFO [SpringContextShutdownHook] o.q.c.QuartzScheduler [QuartzScheduler.java:585] Scheduler quartzScheduler_$_NON_CLUSTERED paused.
2022-07-26 21:43:26,095 INFO [SpringContextShutdownHook] o.q.c.QuartzScheduler [QuartzScheduler.java:740] Scheduler quartzScheduler_$_NON_CLUSTERED shutdown complete.
2022-07-26 21:43:26,098 INFO [SpringContextShutdownHook] o.s.s.c.ThreadPoolTaskExecutor [ExecutorConfigurationSupport.java:208] Shutting down ExecutorService 'applicationTaskExecutor'
2022-07-26 21:43:26,144 INFO [SpringContextShutdownHook] c.z.h.HikariDataSource [HikariDataSource.java:350] HikariPool-1 - Shutdown initiated...
2022-07-26 21:43:26,147 INFO [SpringContextShutdownHook] c.z.h.HikariDataSource [HikariDataSource.java:352] HikariPool-1 - Shutdown completed.
